Using pre-set license
Built from '2021.3/staging' branch; Version is '2021.3.14f1 (eee1884e7226) revision 15655304'; Using compiler version '192829333'; Build Type 'Release'
OS: 'Windows 10  (10.0.19045) 64bit Education' Language: 'en' Physical Memory: 32678 MB
BatchMode: 1, IsHumanControllingUs: 0, StartBugReporterOnCrash: 0, Is64bit: 1, IsPro: 1

COMMAND LINE ARGUMENTS:
C:\Program Files\Unity\Hub\Editor\2021.3.14f1\Editor\Unity.exe
-adb2
-batchMode
-noUpm
-name
AssetImportWorker0
-projectPath
C:/AProjects/Pop2Talk
-logFile
Logs/AssetImportWorker0.log
-srvPort
56311
Successfully changed project path to: C:/AProjects/Pop2Talk
C:/AProjects/Pop2Talk
[UnityMemory] Configuration Parameters - Can be set up in boot.config
    "memorysetup-bucket-allocator-granularity=16"
    "memorysetup-bucket-allocator-bucket-count=8"
    "memorysetup-bucket-allocator-block-size=33554432"
    "memorysetup-bucket-allocator-block-count=8"
    "memorysetup-main-allocator-block-size=16777216"
    "memorysetup-thread-allocator-block-size=16777216"
    "memorysetup-gfx-main-allocator-block-size=16777216"
    "memorysetup-gfx-thread-allocator-block-size=16777216"
    "memorysetup-cache-allocator-block-size=4194304"
    "memorysetup-typetree-allocator-block-size=2097152"
    "memorysetup-profiler-bucket-allocator-granularity=16"
    "memorysetup-profiler-bucket-allocator-bucket-count=8"
    "memorysetup-profiler-bucket-allocator-block-size=33554432"
    "memorysetup-profiler-bucket-allocator-block-count=8"
    "memorysetup-profiler-allocator-block-size=16777216"
    "memorysetup-profiler-editor-allocator-block-size=1048576"
    "memorysetup-temp-allocator-size-main=16777216"
    "memorysetup-job-temp-allocator-block-size=2097152"
    "memorysetup-job-temp-allocator-block-size-background=1048576"
    "memorysetup-job-temp-allocator-reduction-small-platforms=262144"
    "memorysetup-temp-allocator-size-background-worker=32768"
    "memorysetup-temp-allocator-size-job-worker=262144"
    "memorysetup-temp-allocator-size-preload-manager=33554432"
    "memorysetup-temp-allocator-size-nav-mesh-worker=65536"
    "memorysetup-temp-allocator-size-audio-worker=65536"
    "memorysetup-temp-allocator-size-cloud-worker=32768"
    "memorysetup-temp-allocator-size-gi-baking-worker=262144"
    "memorysetup-temp-allocator-size-gfx=262144"
Refreshing native plugins compatible for Editor in 49.97 ms, found 2 plugins.
Preloading 0 native plugins for Editor in 0.00 ms.
Initialize engine version: 2021.3.14f1 (eee1884e7226)
[Subsystems] Discovering subsystems at path C:/Program Files/Unity/Hub/Editor/2021.3.14f1/Editor/Data/Resources/UnitySubsystems
[Subsystems] Discovering subsystems at path C:/AProjects/Pop2Talk/Assets
GfxDevice: creating device client; threaded=0; jobified=0
Direct3D:
    Version:  Direct3D 11.0 [level 11.1]
    Renderer: NVIDIA GeForce GTX 970 (ID=0x13c2)
    Vendor:   NVIDIA
    VRAM:     4043 MB
    Driver:   31.0.15.1694
Initialize mono
Mono path[0] = 'C:/Program Files/Unity/Hub/Editor/2021.3.14f1/Editor/Data/Managed'
Mono path[1] = 'C:/Program Files/Unity/Hub/Editor/2021.3.14f1/Editor/Data/MonoBleedingEdge/lib/mono/unityjit-win32'
Mono config path = 'C:/Program Files/Unity/Hub/Editor/2021.3.14f1/Editor/Data/MonoBleedingEdge/etc'
Using monoOptions --debugger-agent=transport=dt_socket,embedding=1,server=y,suspend=n,address=127.0.0.1:56352
Begin MonoManager ReloadAssembly
Registering precompiled unity dll's ...
Register platform support module: C:/Program Files/Unity/Hub/Editor/2021.3.14f1/Editor/Data/PlaybackEngines/AndroidPlayer/UnityEditor.Android.Extensions.dll
Register platform support module: C:/Program Files/Unity/Hub/Editor/2021.3.14f1/Editor/Data/PlaybackEngines/iOSSupport/UnityEditor.iOS.Extensions.dll
Register platform support module: C:/Program Files/Unity/Hub/Editor/2021.3.14f1/Editor/Data/PlaybackEngines/WindowsStandaloneSupport/UnityEditor.WindowsStandalone.Extensions.dll
Register platform support module: C:/Program Files/Unity/Hub/Editor/2021.3.14f1/Editor/Data/PlaybackEngines/MetroSupport/UnityEditor.UWP.Extensions.dll
Registered in 0.007510 seconds.
Native extension for UWP target not found
Native extension for WindowsStandalone target not found
[usbmuxd] Start listen thread
[usbmuxd] Listen thread started
Native extension for iOS target not found
Native extension for Android target not found
Refreshing native plugins compatible for Editor in 53.82 ms, found 2 plugins.
Preloading 0 native plugins for Editor in 0.00 ms.
Mono: successfully reloaded assembly
- Completed reload, in  0.491 seconds
Domain Reload Profiling:
	ReloadAssembly (491ms)
		BeginReloadAssembly (57ms)
			ExecutionOrderSort (0ms)
			DisableScriptedObjects (0ms)
			BackupInstance (0ms)
			ReleaseScriptingObjects (0ms)
			CreateAndSetChildDomain (1ms)
		EndReloadAssembly (345ms)
			LoadAssemblies (56ms)
			RebuildTransferFunctionScriptingTraits (0ms)
			SetupTypeCache (75ms)
			ReleaseScriptCaches (0ms)
			RebuildScriptCaches (20ms)
			SetupLoadedEditorAssemblies (212ms)
				LogAssemblyErrors (0ms)
				InitializePlatformSupportModulesInManaged (57ms)
				SetLoadedEditorAssemblies (0ms)
				RefreshPlugins (54ms)
				BeforeProcessingInitializeOnLoad (1ms)
				ProcessInitializeOnLoadAttributes (69ms)
				ProcessInitializeOnLoadMethodAttributes (30ms)
				AfterProcessingInitializeOnLoad (0ms)
				EditorAssembliesLoaded (0ms)
			ExecutionOrderSort2 (0ms)
			AwakeInstancesAfterBackupRestoration (0ms)
Platform modules already initialized, skipping
Registering precompiled user dll's ...
Registered in 0.003253 seconds.
Begin MonoManager ReloadAssembly
Native extension for UWP target not found
Native extension for WindowsStandalone target not found
Native extension for iOS target not found
Native extension for Android target not found
Refreshing native plugins compatible for Editor in 1.13 ms, found 2 plugins.
Preloading 0 native plugins for Editor in 0.00 ms.
Package Manager log level set to [2]
Mono: successfully reloaded assembly
- Completed reload, in  0.973 seconds
Domain Reload Profiling:
	ReloadAssembly (974ms)
		BeginReloadAssembly (208ms)
			ExecutionOrderSort (0ms)
			DisableScriptedObjects (4ms)
			BackupInstance (0ms)
			ReleaseScriptingObjects (0ms)
			CreateAndSetChildDomain (134ms)
		EndReloadAssembly (695ms)
			LoadAssemblies (76ms)
			RebuildTransferFunctionScriptingTraits (0ms)
			SetupTypeCache (166ms)
			ReleaseScriptCaches (1ms)
			RebuildScriptCaches (42ms)
			SetupLoadedEditorAssemblies (383ms)
				LogAssemblyErrors (0ms)
				InitializePlatformSupportModulesInManaged (24ms)
				SetLoadedEditorAssemblies (0ms)
				RefreshPlugins (1ms)
				BeforeProcessingInitializeOnLoad (57ms)
				ProcessInitializeOnLoadAttributes (203ms)
				ProcessInitializeOnLoadMethodAttributes (92ms)
				AfterProcessingInitializeOnLoad (6ms)
				EditorAssembliesLoaded (0ms)
			ExecutionOrderSort2 (0ms)
			AwakeInstancesAfterBackupRestoration (4ms)
Platform modules already initialized, skipping
========================================================================
Worker process is ready to serve import requests
Launched and connected shader compiler UnityShaderCompiler.exe after 0.07 seconds
Refreshing native plugins compatible for Editor in 1.88 ms, found 2 plugins.
Preloading 0 native plugins for Editor in 0.00 ms.
Unloading 3720 Unused Serialized files (Serialized files now loaded: 0)
Unloading 39 unused Assets / (30.5 KB). Loaded Objects now: 4183.
Memory consumption went from 134.7 MB to 134.7 MB.
Total: 10.403200 ms (FindLiveObjects: 0.533800 ms CreateObjectMapping: 0.142500 ms MarkObjects: 9.670300 ms  DeleteObjects: 0.055500 ms)

AssetImportParameters requested are different than current active one (requested -> active):
  custom:video-decoder-ogg-theora: a1e56fd34408186e4bbccfd4996cb3dc -> 
  custom:container-muxer-webm: aa71ff27fc2769a1b78a27578f13a17b -> 
  custom:container-demuxer-webm: 4f35f7cbe854078d1ac9338744f61a02 -> 
  custom:video-encoder-webm-vp8: eb34c28f22e8b96e1ab97ce403110664 -> 
  custom:audio-encoder-webm-vorbis: bf7c407c2cedff20999df2af8eb42d56 -> 
  custom:framework-win-MediaFoundation: 216162199b28c13a410421893ffa2e32 -> 
  custom:container-demuxer-ogg: 62fdf1f143b41e24485cea50d1cbac27 -> 
  custom:video-decoder-webm-vp8: 9c59270c3fd7afecdb556c50c9e8de78 -> 
  custom:audio-decoder-ogg-vorbis: bf7c407c2cedff20999df2af8eb42d56 -> 
========================================================================
Received Import Request.
  Time since last request: 417379.058498 seconds.
  path: Assets/Texture/Art/Ship Cosmetics/ship_default_green_mid.png
  artifactKey: Guid(cbbe3d2d9cee6544daf79f443f23947d) Importer(815301076,1909f56bfc062723c751e8b465ee728b)
Start importing Assets/Texture/Art/Ship Cosmetics/ship_default_green_mid.png using Guid(cbbe3d2d9cee6544daf79f443f23947d) Importer(815301076,1909f56bfc062723c751e8b465ee728b)  -> (artifact id: 'a08709cf8bee7e6d0c470ac186aca14b') in 0.163042 seconds 
========================================================================
Received Import Request.
  Time since last request: 0.000030 seconds.
  path: Assets/Texture/Art/Wallpaper Cosmetics/Shiphub_BG_floor_manekiblack.jpg
  artifactKey: Guid(5d826741cd3d20340a6fa347b35eb2ea) Importer(815301076,1909f56bfc062723c751e8b465ee728b)
Start importing Assets/Texture/Art/Wallpaper Cosmetics/Shiphub_BG_floor_manekiblack.jpg using Guid(5d826741cd3d20340a6fa347b35eb2ea) Importer(815301076,1909f56bfc062723c751e8b465ee728b)  -> (artifact id: 'd8db9c1cce85f8ed883c199e1f4cf671') in 0.056258 seconds 
========================================================================
Received Import Request.
  Time since last request: 0.000032 seconds.
  path: Assets/Texture/Art/Ship Cosmetics/ship_maneki_gold_bottom.png
  artifactKey: Guid(e48d18c5d2dafca4fa13965175c75e23) Importer(815301076,1909f56bfc062723c751e8b465ee728b)
Start importing Assets/Texture/Art/Ship Cosmetics/ship_maneki_gold_bottom.png using Guid(e48d18c5d2dafca4fa13965175c75e23) Importer(815301076,1909f56bfc062723c751e8b465ee728b)  -> (artifact id: 'e612dc8605607d091d6a22533dde2333') in 0.046190 seconds 
========================================================================
Received Import Request.
  Time since last request: 0.000030 seconds.
  path: Assets/Word Data/Images/2019/read.jpg
  artifactKey: Guid(3ed0c98f437b0b64191fa46f49088c1c) Importer(815301076,1909f56bfc062723c751e8b465ee728b)
Start importing Assets/Word Data/Images/2019/read.jpg using Guid(3ed0c98f437b0b64191fa46f49088c1c) Importer(815301076,1909f56bfc062723c751e8b465ee728b)  -> (artifact id: '2ffa8663523c1f6250afbcdf0ada01dd') in 0.033443 seconds 
========================================================================
Received Import Request.
  Time since last request: 0.000017 seconds.
  path: Assets/Texture/Art/Ship Cosmetics/ship_default_purple_top.png
  artifactKey: Guid(c104a5883453aee469b0714578ff9efc) Importer(815301076,1909f56bfc062723c751e8b465ee728b)
Start importing Assets/Texture/Art/Ship Cosmetics/ship_default_purple_top.png using Guid(c104a5883453aee469b0714578ff9efc) Importer(815301076,1909f56bfc062723c751e8b465ee728b)  -> (artifact id: '1d5704b38bd0dc639607f85c698b62ad') in 0.036818 seconds 
========================================================================
Received Import Request.
  Time since last request: 0.000022 seconds.
  path: Assets/Texture/Art/Ship Cosmetics/ship_default_purple_bottom.png
  artifactKey: Guid(bff2202ec50d41c4db5e5ed22a970d00) Importer(815301076,1909f56bfc062723c751e8b465ee728b)
Start importing Assets/Texture/Art/Ship Cosmetics/ship_default_purple_bottom.png using Guid(bff2202ec50d41c4db5e5ed22a970d00) Importer(815301076,1909f56bfc062723c751e8b465ee728b)  -> (artifact id: 'c7d2f862adaf5959c2e8654ade97d37a') in 0.038537 seconds 
========================================================================
Received Import Request.
  Time since last request: 0.000018 seconds.
  path: Assets/Texture/Art/Ship Cosmetics/ship_default_blue_top.png
  artifactKey: Guid(6f212c49594d0784787d963beba4c1d1) Importer(815301076,1909f56bfc062723c751e8b465ee728b)
Start importing Assets/Texture/Art/Ship Cosmetics/ship_default_blue_top.png using Guid(6f212c49594d0784787d963beba4c1d1) Importer(815301076,1909f56bfc062723c751e8b465ee728b)  -> (artifact id: '5e7d6de7384529b0dd264e4bba9cd33b') in 0.039128 seconds 
========================================================================
Received Import Request.
  Time since last request: 0.000031 seconds.
  path: Assets/Texture/Art/Ship Cosmetics/ship_pointy_blue_top.png
  artifactKey: Guid(6dffa3859e9f9c24497cab33a71307e0) Importer(815301076,1909f56bfc062723c751e8b465ee728b)
Start importing Assets/Texture/Art/Ship Cosmetics/ship_pointy_blue_top.png using Guid(6dffa3859e9f9c24497cab33a71307e0) Importer(815301076,1909f56bfc062723c751e8b465ee728b)  -> (artifact id: 'bd6644742d03c8d11bf427226007a46e') in 0.038716 seconds 
========================================================================
Received Import Request.
  Time since last request: 0.000029 seconds.
  path: Packages/com.unity.collab-proxy/Editor/PlasticSCM/Assets/Images/refresh@2x.png
  artifactKey: Guid(59571f82a0dc1a14da606dc0df6f8ea7) Importer(815301076,1909f56bfc062723c751e8b465ee728b)
Start importing Packages/com.unity.collab-proxy/Editor/PlasticSCM/Assets/Images/refresh@2x.png using Guid(59571f82a0dc1a14da606dc0df6f8ea7) Importer(815301076,1909f56bfc062723c751e8b465ee728b)  -> (artifact id: '60c9aa64e2c5af382a0295c9c12d6719') in 0.014245 seconds 
========================================================================
Received Import Request.
  Time since last request: 0.000040 seconds.
  path: Assets/Texture/Art/Ship Cosmetics/ship_pointy_orange_bottom.png
  artifactKey: Guid(c62aada1061e82146bd39005fd85703c) Importer(815301076,1909f56bfc062723c751e8b465ee728b)
Start importing Assets/Texture/Art/Ship Cosmetics/ship_pointy_orange_bottom.png using Guid(c62aada1061e82146bd39005fd85703c) Importer(815301076,1909f56bfc062723c751e8b465ee728b)  -> (artifact id: 'e3d5499c328a76e0eacb74fbdf896e2f') in 0.047271 seconds 
========================================================================
Received Import Request.
  Time since last request: 0.000018 seconds.
  path: Assets/Texture/Art/Ship Cosmetics/ship_maneki_black_top.png
  artifactKey: Guid(b8072ab4e065e35439b9b642af38ce05) Importer(815301076,1909f56bfc062723c751e8b465ee728b)
Start importing Assets/Texture/Art/Ship Cosmetics/ship_maneki_black_top.png using Guid(b8072ab4e065e35439b9b642af38ce05) Importer(815301076,1909f56bfc062723c751e8b465ee728b)  -> (artifact id: 'ad27828d5af2409291c593affdd9702a') in 0.041225 seconds 
========================================================================
Received Import Request.
  Time since last request: 0.000019 seconds.
  path: Assets/Texture/Art/Wallpaper Cosmetics/Shiphub_BG_floor_manekiwhite.jpg
  artifactKey: Guid(af5ed72b0cd6dbf469d3266ce28dd343) Importer(815301076,1909f56bfc062723c751e8b465ee728b)
Start importing Assets/Texture/Art/Wallpaper Cosmetics/Shiphub_BG_floor_manekiwhite.jpg using Guid(af5ed72b0cd6dbf469d3266ce28dd343) Importer(815301076,1909f56bfc062723c751e8b465ee728b)  -> (artifact id: '4bd0bdbda536f79ec78e634955590c75') in 0.043212 seconds 
========================================================================
Received Import Request.
  Time since last request: 0.000019 seconds.
  path: Assets/Texture/Art/Ship Cosmetics/ship_default_blue_bottom.png
  artifactKey: Guid(92827e166f0e43744b8d6609189b650c) Importer(815301076,1909f56bfc062723c751e8b465ee728b)
Start importing Assets/Texture/Art/Ship Cosmetics/ship_default_blue_bottom.png using Guid(92827e166f0e43744b8d6609189b650c) Importer(815301076,1909f56bfc062723c751e8b465ee728b)  -> (artifact id: 'd68aa2cd32742715192c2567408b7262') in 0.039552 seconds 
========================================================================
Received Import Request.
  Time since last request: 0.000021 seconds.
  path: Assets/Texture/Art/Ship Cosmetics/ship_pointy_blue_bottom.png
  artifactKey: Guid(96d0a26b3a998e14ca1e5340187f96e8) Importer(815301076,1909f56bfc062723c751e8b465ee728b)
Start importing Assets/Texture/Art/Ship Cosmetics/ship_pointy_blue_bottom.png using Guid(96d0a26b3a998e14ca1e5340187f96e8) Importer(815301076,1909f56bfc062723c751e8b465ee728b)  -> (artifact id: '977d4aedbd0bd383d58a9b464e723078') in 0.039329 seconds 
========================================================================
Received Import Request.
  Time since last request: 0.000020 seconds.
  path: Assets/Texture/Art/Ship Cosmetics/ship_maneki_white_bottom.png
  artifactKey: Guid(0d6360323f4a7e94ea531424d2f7e2bf) Importer(815301076,1909f56bfc062723c751e8b465ee728b)
Start importing Assets/Texture/Art/Ship Cosmetics/ship_maneki_white_bottom.png using Guid(0d6360323f4a7e94ea531424d2f7e2bf) Importer(815301076,1909f56bfc062723c751e8b465ee728b)  -> (artifact id: '0e8b43f5de5b2851f4dc8b52c764446c') in 0.035983 seconds 
========================================================================
Received Import Request.
  Time since last request: 0.000026 seconds.
  path: Assets/Texture/Art/pop2talk_col_r.png
  artifactKey: Guid(e8ce897be8102cc46ba29cafb0770559) Importer(815301076,1909f56bfc062723c751e8b465ee728b)
Start importing Assets/Texture/Art/pop2talk_col_r.png using Guid(e8ce897be8102cc46ba29cafb0770559) Importer(815301076,1909f56bfc062723c751e8b465ee728b)  -> (artifact id: 'feed5cb4d9ce84a6dab3047ec50689e3') in 0.040339 seconds 
========================================================================
Received Import Request.
  Time since last request: 0.000019 seconds.
  path: Assets/Texture/Retry.png
  artifactKey: Guid(fe744938e854e9d4da8e40e221c00155) Importer(815301076,1909f56bfc062723c751e8b465ee728b)
Start importing Assets/Texture/Retry.png using Guid(fe744938e854e9d4da8e40e221c00155) Importer(815301076,1909f56bfc062723c751e8b465ee728b)  -> (artifact id: '3833b837700633146c7c0ff824f7afc8') in 0.019353 seconds 
========================================================================
Received Import Request.
  Time since last request: 0.000023 seconds.
  path: Assets/Texture/Art/Wallpaper Cosmetics/Shiphub_BG_pointy_purple.png
  artifactKey: Guid(b47b27e77a75ca744941585f16a2a972) Importer(815301076,1909f56bfc062723c751e8b465ee728b)
Start importing Assets/Texture/Art/Wallpaper Cosmetics/Shiphub_BG_pointy_purple.png using Guid(b47b27e77a75ca744941585f16a2a972) Importer(815301076,1909f56bfc062723c751e8b465ee728b)  -> (artifact id: '878e36d88b4d833caad89302feaa5704') in 0.167586 seconds 
========================================================================
Received Import Request.
  Time since last request: 0.000021 seconds.
  path: Assets/Word Data/Images/2019/sand.jpg
  artifactKey: Guid(39480fee825f4a04b9a1afcd91225756) Importer(815301076,1909f56bfc062723c751e8b465ee728b)
Start importing Assets/Word Data/Images/2019/sand.jpg using Guid(39480fee825f4a04b9a1afcd91225756) Importer(815301076,1909f56bfc062723c751e8b465ee728b)  -> (artifact id: 'e8764bab5d62540161444c2c5f7f7f64') in 0.021224 seconds 
========================================================================
Received Import Request.
  Time since last request: 0.000025 seconds.
  path: Assets/Texture/Art/Wallpaper Cosmetics/Shiphub_BG_pointy_green.png
  artifactKey: Guid(9997f1b00d84ff045812a095110b4173) Importer(815301076,1909f56bfc062723c751e8b465ee728b)
Start importing Assets/Texture/Art/Wallpaper Cosmetics/Shiphub_BG_pointy_green.png using Guid(9997f1b00d84ff045812a095110b4173) Importer(815301076,1909f56bfc062723c751e8b465ee728b)  -> (artifact id: '69102f91e2d24c3e6dec10691d13a591') in 0.094553 seconds 
========================================================================
Received Import Request.
  Time since last request: 0.000023 seconds.
  path: Assets/Texture/Art/Ship Cosmetics/ship_default_purple_mid.png
  artifactKey: Guid(b231ca61d0cc00a4d861bf51412b4a11) Importer(815301076,1909f56bfc062723c751e8b465ee728b)
Start importing Assets/Texture/Art/Ship Cosmetics/ship_default_purple_mid.png using Guid(b231ca61d0cc00a4d861bf51412b4a11) Importer(815301076,1909f56bfc062723c751e8b465ee728b)  -> (artifact id: '0a746aefe7b4a89b65195154deacaed4') in 0.034669 seconds 
========================================================================
Received Import Request.
  Time since last request: 0.000022 seconds.
  path: Assets/Texture/Art/Wallpaper Cosmetics/Shiphub_BG_floor_pink.png
  artifactKey: Guid(43c67710749a4a54cb924d7fc489080a) Importer(815301076,1909f56bfc062723c751e8b465ee728b)
Start importing Assets/Texture/Art/Wallpaper Cosmetics/Shiphub_BG_floor_pink.png using Guid(43c67710749a4a54cb924d7fc489080a) Importer(815301076,1909f56bfc062723c751e8b465ee728b)  -> (artifact id: '155d37d3ab2785e01692dc12ba5a58c2') in 0.035605 seconds 
========================================================================
Received Import Request.
  Time since last request: 0.000017 seconds.
  path: Assets/Word Data/Images/2019/right.jpg
  artifactKey: Guid(627875cd79e66d344ac404d51c6ff07c) Importer(815301076,1909f56bfc062723c751e8b465ee728b)
Start importing Assets/Word Data/Images/2019/right.jpg using Guid(627875cd79e66d344ac404d51c6ff07c) Importer(815301076,1909f56bfc062723c751e8b465ee728b)  -> (artifact id: '1c26b8abd4f7979dda29199d1dff91cc') in 0.022664 seconds 
========================================================================
Received Import Request.
  Time since last request: 0.000019 seconds.
  path: Assets/Texture/Art/Wallpaper Cosmetics/Shiphub_BG_manekiblack.png
  artifactKey: Guid(438765697cdbc99478a489c08ccc7375) Importer(815301076,1909f56bfc062723c751e8b465ee728b)
Start importing Assets/Texture/Art/Wallpaper Cosmetics/Shiphub_BG_manekiblack.png using Guid(438765697cdbc99478a489c08ccc7375) Importer(815301076,1909f56bfc062723c751e8b465ee728b)  -> (artifact id: '2570d86389ca4eff3ec3b04a3dff3492') in 0.106642 seconds 
========================================================================
Received Import Request.
  Time since last request: 0.000022 seconds.
  path: Assets/Texture/Art/Ship Cosmetics/ship_default_pink_mid.png
  artifactKey: Guid(ad6173c21123a3d409c124a4a5a5c762) Importer(815301076,1909f56bfc062723c751e8b465ee728b)
Start importing Assets/Texture/Art/Ship Cosmetics/ship_default_pink_mid.png using Guid(ad6173c21123a3d409c124a4a5a5c762) Importer(815301076,1909f56bfc062723c751e8b465ee728b)  -> (artifact id: '152b00625ab7b5ffd6f5a5c8d4a2281d') in 0.031245 seconds 
========================================================================
Received Import Request.
  Time since last request: 0.000026 seconds.
  path: Assets/Word Data/Images/2019/pink.jpg
  artifactKey: Guid(ba4d9da901a3fe64eac2db34bc01e8eb) Importer(815301076,1909f56bfc062723c751e8b465ee728b)
Start importing Assets/Word Data/Images/2019/pink.jpg using Guid(ba4d9da901a3fe64eac2db34bc01e8eb) Importer(815301076,1909f56bfc062723c751e8b465ee728b)  -> (artifact id: '722b8413f6b96d765dbcef03a1a1752a') in 0.023385 seconds 
========================================================================
Received Import Request.
  Time since last request: 0.000027 seconds.
  path: Assets/Word Data/Images/2019/seven.jpg
  artifactKey: Guid(0c5227c17de2be649ba21d838cfd5faa) Importer(815301076,1909f56bfc062723c751e8b465ee728b)
Start importing Assets/Word Data/Images/2019/seven.jpg using Guid(0c5227c17de2be649ba21d838cfd5faa) Importer(815301076,1909f56bfc062723c751e8b465ee728b)  -> (artifact id: 'ac7699e047d69d11931dd9836c7ca9ec') in 0.029921 seconds 
========================================================================
Received Import Request.
  Time since last request: 0.000017 seconds.
  path: Assets/Texture/placeholder_rollingback.png
  artifactKey: Guid(ca90a54b129794e40bb4945169d4e6a0) Importer(815301076,1909f56bfc062723c751e8b465ee728b)
Start importing Assets/Texture/placeholder_rollingback.png using Guid(ca90a54b129794e40bb4945169d4e6a0) Importer(815301076,1909f56bfc062723c751e8b465ee728b)  -> (artifact id: 'a212a4ae08d6ec7f380466dd5457123e') in 0.115103 seconds 
========================================================================
Received Import Request.
  Time since last request: 0.000030 seconds.
  path: Assets/Texture/Art/Ship Cosmetics/ship_pointy_orange_mid.png
  artifactKey: Guid(5cdd7ef4c0517a740a2dc052e5df6cd9) Importer(815301076,1909f56bfc062723c751e8b465ee728b)
Start importing Assets/Texture/Art/Ship Cosmetics/ship_pointy_orange_mid.png using Guid(5cdd7ef4c0517a740a2dc052e5df6cd9) Importer(815301076,1909f56bfc062723c751e8b465ee728b)  -> (artifact id: '11bce5e66ec9cf1dd4643083b225b465') in 0.038404 seconds 
========================================================================
Received Import Request.
  Time since last request: 21.156646 seconds.
  path: Assets/Texture/Art/art_arrow2.png
  artifactKey: Guid(8554cddf093a8ea469e4fe8efc82c4a7) Importer(815301076,1909f56bfc062723c751e8b465ee728b)
Start importing Assets/Texture/Art/art_arrow2.png using Guid(8554cddf093a8ea469e4fe8efc82c4a7) Importer(815301076,1909f56bfc062723c751e8b465ee728b)  -> (artifact id: '3bb8c95368d44b2ad2847cf7c89970d5') in 0.080877 seconds 
========================================================================
Received Import Request.
  Time since last request: 0.000017 seconds.
  path: Assets/Texture/Art/art_catcher_portal2.png
  artifactKey: Guid(bcd1cefab06f73046bbe0f08b4199278) Importer(815301076,1909f56bfc062723c751e8b465ee728b)
Start importing Assets/Texture/Art/art_catcher_portal2.png using Guid(bcd1cefab06f73046bbe0f08b4199278) Importer(815301076,1909f56bfc062723c751e8b465ee728b)  -> (artifact id: 'c40d8b1872637d3667c69bf801093d70') in 0.061961 seconds 
========================================================================
Received Import Request.
  Time since last request: 0.000024 seconds.
  path: Assets/Texture/Art/art_gameview_card_back.png
  artifactKey: Guid(e793f32e4933cd549a78666279aec452) Importer(815301076,1909f56bfc062723c751e8b465ee728b)
Start importing Assets/Texture/Art/art_gameview_card_back.png using Guid(e793f32e4933cd549a78666279aec452) Importer(815301076,1909f56bfc062723c751e8b465ee728b)  -> (artifact id: '24337125f082ff1619fc3ec99470148b') in 0.064881 seconds 
========================================================================
Received Import Request.
  Time since last request: 0.000022 seconds.
  path: Assets/Texture/Art/art_char_mia_node.png
  artifactKey: Guid(4ee3d919f751a2c428258a647827ea67) Importer(815301076,1909f56bfc062723c751e8b465ee728b)
Start importing Assets/Texture/Art/art_char_mia_node.png using Guid(4ee3d919f751a2c428258a647827ea67) Importer(815301076,1909f56bfc062723c751e8b465ee728b)  -> (artifact id: '6db8d72e3403b530b2a62568eedbdbb5') in 0.023492 seconds 
========================================================================
Received Import Request.
  Time since last request: 0.000019 seconds.
  path: Assets/Texture/Art/art_gameview_card_replay.png
  artifactKey: Guid(479226333a776734eb43f22e78754d57) Importer(815301076,1909f56bfc062723c751e8b465ee728b)
Start importing Assets/Texture/Art/art_gameview_card_replay.png using Guid(479226333a776734eb43f22e78754d57) Importer(815301076,1909f56bfc062723c751e8b465ee728b)  -> (artifact id: '1609bfc4db9c2dace48da9662b051e29') in 0.018831 seconds 
========================================================================
Received Import Request.
  Time since last request: 0.000019 seconds.
  path: Assets/Texture/Art/art_gameview_grid2.png
  artifactKey: Guid(6c767ae3bfec205448c8b2a7ad6e2063) Importer(815301076,1909f56bfc062723c751e8b465ee728b)
Start importing Assets/Texture/Art/art_gameview_grid2.png using Guid(6c767ae3bfec205448c8b2a7ad6e2063) Importer(815301076,1909f56bfc062723c751e8b465ee728b)  -> (artifact id: '93e609cef3e45c919672b61f5dafa555') in 0.012357 seconds 
========================================================================
Received Import Request.
  Time since last request: 0.000025 seconds.
  path: Assets/Texture/Art/art_gameview_progressbartop_full_mic.png
  artifactKey: Guid(88bf4f42bedd45d4293b7f73d4dd2cc7) Importer(815301076,1909f56bfc062723c751e8b465ee728b)
Start importing Assets/Texture/Art/art_gameview_progressbartop_full_mic.png using Guid(88bf4f42bedd45d4293b7f73d4dd2cc7) Importer(815301076,1909f56bfc062723c751e8b465ee728b)  -> (artifact id: '637503b659cbc1062ea17c2e9e945e14') in 0.012965 seconds 
========================================================================
Received Import Request.
  Time since last request: 0.000016 seconds.
  path: Assets/Texture/Art/art_catcher_sparkles1.png
  artifactKey: Guid(ae5e0139418f6be4ebd5245edf8b4bc5) Importer(815301076,1909f56bfc062723c751e8b465ee728b)
Start importing Assets/Texture/Art/art_catcher_sparkles1.png using Guid(ae5e0139418f6be4ebd5245edf8b4bc5) Importer(815301076,1909f56bfc062723c751e8b465ee728b)  -> (artifact id: '61f37744e42d3f6cd4691e9e0642e2cb') in 0.029767 seconds 
========================================================================
Received Import Request.
  Time since last request: 0.000015 seconds.
  path: Assets/Texture/Art/art_gameview_bg12.jpg
  artifactKey: Guid(bcc8b23ea0060aa4ea9c489e169154c3) Importer(815301076,1909f56bfc062723c751e8b465ee728b)
Start importing Assets/Texture/Art/art_gameview_bg12.jpg using Guid(bcc8b23ea0060aa4ea9c489e169154c3) Importer(815301076,1909f56bfc062723c751e8b465ee728b)  -> (artifact id: '1cf26cc9b4dc6dc7b5f96fd7a6e4585f') in 0.127286 seconds 
========================================================================
Received Import Request.
  Time since last request: 0.000020 seconds.
  path: Assets/Texture/Art/art_moonstones_blue.png
  artifactKey: Guid(f1802053aa3a47d4dbaad78864bea8be) Importer(815301076,1909f56bfc062723c751e8b465ee728b)
Start importing Assets/Texture/Art/art_moonstones_blue.png using Guid(f1802053aa3a47d4dbaad78864bea8be) Importer(815301076,1909f56bfc062723c751e8b465ee728b)  -> (artifact id: '5ebfd5f978237913c798252439ea7101') in 0.039908 seconds 
========================================================================
Received Import Request.
  Time since last request: 0.000025 seconds.
  path: Assets/Texture/Art/art_gameview_progressbartop_empty.png
  artifactKey: Guid(ff503086aa791034882baf61c3a2eaf9) Importer(815301076,1909f56bfc062723c751e8b465ee728b)
Start importing Assets/Texture/Art/art_gameview_progressbartop_empty.png using Guid(ff503086aa791034882baf61c3a2eaf9) Importer(815301076,1909f56bfc062723c751e8b465ee728b)  -> (artifact id: '47c14e0544a9461d56dc04d74a0cbe50') in 0.010895 seconds 
========================================================================
Received Import Request.
  Time since last request: 0.000016 seconds.
  path: Assets/Texture/Art/art_gameview_bg10.jpg
  artifactKey: Guid(1b1e4a441350466489be65f91b2bf5df) Importer(815301076,1909f56bfc062723c751e8b465ee728b)
Start importing Assets/Texture/Art/art_gameview_bg10.jpg using Guid(1b1e4a441350466489be65f91b2bf5df) Importer(815301076,1909f56bfc062723c751e8b465ee728b)  -> (artifact id: 'a10a48d0e84f5586e82f80469b17a1ca') in 0.113593 seconds 
========================================================================
Received Import Request.
  Time since last request: 0.000023 seconds.
  path: Assets/Texture/Art/art_gameview_card_back_quiz.png
  artifactKey: Guid(74e3329bc4c23714185efc2fb0e9515a) Importer(815301076,1909f56bfc062723c751e8b465ee728b)
Start importing Assets/Texture/Art/art_gameview_card_back_quiz.png using Guid(74e3329bc4c23714185efc2fb0e9515a) Importer(815301076,1909f56bfc062723c751e8b465ee728b)  -> (artifact id: '8a3a68cc78dac512c98f9935c662fa1b') in 0.047508 seconds 
========================================================================
Received Import Request.
  Time since last request: 0.000018 seconds.
  path: Assets/Texture/Art/art_lootbox_02.png
  artifactKey: Guid(cbfdd2d67338ace46a4e61aa810ff6b8) Importer(815301076,1909f56bfc062723c751e8b465ee728b)
Start importing Assets/Texture/Art/art_lootbox_02.png using Guid(cbfdd2d67338ace46a4e61aa810ff6b8) Importer(815301076,1909f56bfc062723c751e8b465ee728b)  -> (artifact id: 'e388ebcf66309b9184f54b00ca898f02') in 0.042836 seconds 
========================================================================
Received Import Request.
  Time since last request: 0.000018 seconds.
  path: Assets/Texture/Art/art_gameview_bg3.jpg
  artifactKey: Guid(8dc3db4bae71c19459605552cf59a09a) Importer(815301076,1909f56bfc062723c751e8b465ee728b)
Start importing Assets/Texture/Art/art_gameview_bg3.jpg using Guid(8dc3db4bae71c19459605552cf59a09a) Importer(815301076,1909f56bfc062723c751e8b465ee728b)  -> (artifact id: '6d21f140e9b52f4e09914edceee37262') in 0.122290 seconds 
========================================================================
Received Import Request.
  Time since last request: 0.000027 seconds.
  path: Assets/Texture/Art/art_catcher.png
  artifactKey: Guid(dd1d00fbf5089f140b4ef86a3bf4d971) Importer(815301076,1909f56bfc062723c751e8b465ee728b)
Start importing Assets/Texture/Art/art_catcher.png using Guid(dd1d00fbf5089f140b4ef86a3bf4d971) Importer(815301076,1909f56bfc062723c751e8b465ee728b)  -> (artifact id: 'beec6f30753bc54d26315f7170791d89') in 0.040912 seconds 
========================================================================
Received Import Request.
  Time since last request: 0.000017 seconds.
  path: Assets/Texture/Art/art_iceblock2.png
  artifactKey: Guid(32130f0c2f4036f4bbabfcb2e09a9ad4) Importer(815301076,1909f56bfc062723c751e8b465ee728b)
Start importing Assets/Texture/Art/art_iceblock2.png using Guid(32130f0c2f4036f4bbabfcb2e09a9ad4) Importer(815301076,1909f56bfc062723c751e8b465ee728b)  -> (artifact id: 'cc3c786356697a6ce5fece7ecfd2d49b') in 0.046704 seconds 
========================================================================
Received Import Request.
  Time since last request: 0.000017 seconds.
  path: Assets/Texture/Art/art_gameview_bg13.jpg
  artifactKey: Guid(d2e28921fb23ad54d9f8d165d4253ea3) Importer(815301076,1909f56bfc062723c751e8b465ee728b)
Start importing Assets/Texture/Art/art_gameview_bg13.jpg using Guid(d2e28921fb23ad54d9f8d165d4253ea3) Importer(815301076,1909f56bfc062723c751e8b465ee728b)  -> (artifact id: 'ad39341b60910cb2c633886811ba74b8') in 0.110837 seconds 
========================================================================
Received Import Request.
  Time since last request: 0.000020 seconds.
  path: Assets/Texture/Art/art_gameview_bg16.jpg
  artifactKey: Guid(4f5735ea7d9c7374c982db8ae2794132) Importer(815301076,1909f56bfc062723c751e8b465ee728b)
Start importing Assets/Texture/Art/art_gameview_bg16.jpg using Guid(4f5735ea7d9c7374c982db8ae2794132) Importer(815301076,1909f56bfc062723c751e8b465ee728b)  -> (artifact id: '698719ff1da36d9ec4197573d0d01c1d') in 0.120019 seconds 
========================================================================
Received Import Request.
  Time since last request: 0.000024 seconds.
  path: Assets/Texture/Art/art_gameview_card_front_quiz.png
  artifactKey: Guid(e9e560fc6cb26d54b8ecd03aae5eb070) Importer(815301076,1909f56bfc062723c751e8b465ee728b)
Start importing Assets/Texture/Art/art_gameview_card_front_quiz.png using Guid(e9e560fc6cb26d54b8ecd03aae5eb070) Importer(815301076,1909f56bfc062723c751e8b465ee728b)  -> (artifact id: 'eb9c72784593ca284017b59eac46cf82') in 0.044863 seconds 
========================================================================
Received Import Request.
  Time since last request: 0.000020 seconds.
  path: Assets/Texture/Art/art_gameview_progressbartop_border.png
  artifactKey: Guid(bb53a392135827444b982d672a3d344b) Importer(815301076,1909f56bfc062723c751e8b465ee728b)
Start importing Assets/Texture/Art/art_gameview_progressbartop_border.png using Guid(bb53a392135827444b982d672a3d344b) Importer(815301076,1909f56bfc062723c751e8b465ee728b)  -> (artifact id: '62817ed6f2773b7ecec72fd8af5b2b28') in 0.012112 seconds 
========================================================================
Received Import Request.
  Time since last request: 0.000020 seconds.
  path: Assets/Texture/Art/art_catcher_portal3.png
  artifactKey: Guid(9a970b59f3052f44191cb1be1239367f) Importer(815301076,1909f56bfc062723c751e8b465ee728b)
Start importing Assets/Texture/Art/art_catcher_portal3.png using Guid(9a970b59f3052f44191cb1be1239367f) Importer(815301076,1909f56bfc062723c751e8b465ee728b)  -> (artifact id: '00b711326850ff06776f26fdb397970a') in 0.031161 seconds 
========================================================================
Received Import Request.
  Time since last request: 0.000015 seconds.
  path: Assets/Texture/Art/art_gameview_progressbartop_full_medal.png
  artifactKey: Guid(617fe15dbf3475f46820b646aae1eca3) Importer(815301076,1909f56bfc062723c751e8b465ee728b)
Start importing Assets/Texture/Art/art_gameview_progressbartop_full_medal.png using Guid(617fe15dbf3475f46820b646aae1eca3) Importer(815301076,1909f56bfc062723c751e8b465ee728b)  -> (artifact id: '8a97986924586d5b7c5fab4dd5b32249') in 0.010197 seconds 
========================================================================
Received Import Request.
  Time since last request: 0.000016 seconds.
  path: Assets/Texture/Art/art_gameview_bg09.jpg
  artifactKey: Guid(3772776c3772eac4382abd2f5bde950b) Importer(815301076,1909f56bfc062723c751e8b465ee728b)
Start importing Assets/Texture/Art/art_gameview_bg09.jpg using Guid(3772776c3772eac4382abd2f5bde950b) Importer(815301076,1909f56bfc062723c751e8b465ee728b)  -> (artifact id: '3c102a62e427f02ca639d4d811192d43') in 0.088867 seconds 
========================================================================
Received Import Request.
  Time since last request: 0.000022 seconds.
  path: Assets/Texture/Art/art_arrowbackless.png
  artifactKey: Guid(6f45533db5facff4bbf0c7e3f688bcc8) Importer(815301076,1909f56bfc062723c751e8b465ee728b)
Start importing Assets/Texture/Art/art_arrowbackless.png using Guid(6f45533db5facff4bbf0c7e3f688bcc8) Importer(815301076,1909f56bfc062723c751e8b465ee728b)  -> (artifact id: '180787c0c3c8232bc472a767fb9402ea') in 0.013786 seconds 
========================================================================
Received Import Request.
  Time since last request: 0.000041 seconds.
  path: Assets/Texture/Art/art_gameview_grid1.png
  artifactKey: Guid(a4bc25a275b92e4458ca88cda2405ec1) Importer(815301076,1909f56bfc062723c751e8b465ee728b)
Start importing Assets/Texture/Art/art_gameview_grid1.png using Guid(a4bc25a275b92e4458ca88cda2405ec1) Importer(815301076,1909f56bfc062723c751e8b465ee728b)  -> (artifact id: '3ff1ce668ead8fc5960b6e2230521ec9') in 0.010238 seconds 
========================================================================
Received Import Request.
  Time since last request: 0.000019 seconds.
  path: Assets/Texture/Art/art_gameview_card_next.png
  artifactKey: Guid(a41927cf9985eec4dafebd279b717015) Importer(815301076,1909f56bfc062723c751e8b465ee728b)
Start importing Assets/Texture/Art/art_gameview_card_next.png using Guid(a41927cf9985eec4dafebd279b717015) Importer(815301076,1909f56bfc062723c751e8b465ee728b)  -> (artifact id: '959169644a16c31505532a24c24447aa') in 0.013064 seconds 
========================================================================
Received Import Request.
  Time since last request: 0.000016 seconds.
  path: Assets/Texture/Art/art_gameview_bg7.png
  artifactKey: Guid(2dbc72c2dad1fa74f9697059ed95495e) Importer(815301076,1909f56bfc062723c751e8b465ee728b)
Start importing Assets/Texture/Art/art_gameview_bg7.png using Guid(2dbc72c2dad1fa74f9697059ed95495e) Importer(815301076,1909f56bfc062723c751e8b465ee728b)  -> (artifact id: '367a7ae3f134176fde873fd0626ecc17') in 0.388448 seconds 
========================================================================
Received Import Request.
  Time since last request: 1.608100 seconds.
  path: Assets/Texture/Art/art_moonstones_red.png
  artifactKey: Guid(239527db776f4be45826126339af8b72) Importer(815301076,1909f56bfc062723c751e8b465ee728b)
Start importing Assets/Texture/Art/art_moonstones_red.png using Guid(239527db776f4be45826126339af8b72) Importer(815301076,1909f56bfc062723c751e8b465ee728b)  -> (artifact id: 'cded09fb420e8e0895a59f497389ffb7') in 0.040030 seconds 
========================================================================
Received Import Request.
  Time since last request: 0.000022 seconds.
  path: Assets/Texture/Art/art_nodeview_nodecircle_open.png
  artifactKey: Guid(92d196d8d5d263142a9cabf9a5a85b6e) Importer(815301076,1909f56bfc062723c751e8b465ee728b)
Start importing Assets/Texture/Art/art_nodeview_nodecircle_open.png using Guid(92d196d8d5d263142a9cabf9a5a85b6e) Importer(815301076,1909f56bfc062723c751e8b465ee728b)  -> (artifact id: 'f60b86d0996a8434134b18b2dcf09642') in 0.022150 seconds 
========================================================================
Received Import Request.
  Time since last request: 0.000030 seconds.
  path: Assets/Texture/Art/art_nodemap_lock_open.png
  artifactKey: Guid(4a0d811ee71612849bdfe92c76acdaa9) Importer(815301076,1909f56bfc062723c751e8b465ee728b)
Start importing Assets/Texture/Art/art_nodemap_lock_open.png using Guid(4a0d811ee71612849bdfe92c76acdaa9) Importer(815301076,1909f56bfc062723c751e8b465ee728b)  -> (artifact id: 'bcebf968e8fee05e6d587d26e5cb54bc') in 0.018947 seconds 
========================================================================
Received Import Request.
  Time since last request: 0.000023 seconds.
  path: Assets/Texture/Art/art_nodemap_lock_closed.png
  artifactKey: Guid(196d4629b52b3e54f86e0acba8d98b03) Importer(815301076,1909f56bfc062723c751e8b465ee728b)
Start importing Assets/Texture/Art/art_nodemap_lock_closed.png using Guid(196d4629b52b3e54f86e0acba8d98b03) Importer(815301076,1909f56bfc062723c751e8b465ee728b)  -> (artifact id: 'd6811d1e98a22146078faf24977eedff') in 0.014634 seconds 
========================================================================
Received Import Request.
  Time since last request: 0.000019 seconds.
  path: Assets/Texture/Art/art_nodemap_bg2.jpg
  artifactKey: Guid(b335a98688b24564aac9013ad8db7fb0) Importer(815301076,1909f56bfc062723c751e8b465ee728b)
Start importing Assets/Texture/Art/art_nodemap_bg2.jpg using Guid(b335a98688b24564aac9013ad8db7fb0) Importer(815301076,1909f56bfc062723c751e8b465ee728b)  -> (artifact id: '7da3fe8e46195fc2f9ef763a6ba34664') in 0.117262 seconds 
========================================================================
Received Import Request.
  Time since last request: 0.000018 seconds.
  path: Assets/Texture/Art/art_nodemap_bg4.jpg
  artifactKey: Guid(e912bfed54bda234da3e15c37f74702a) Importer(815301076,1909f56bfc062723c751e8b465ee728b)
Start importing Assets/Texture/Art/art_nodemap_bg4.jpg using Guid(e912bfed54bda234da3e15c37f74702a) Importer(815301076,1909f56bfc062723c751e8b465ee728b)  -> (artifact id: '76fe1626ffd603c188d91973ac57907c') in 0.112542 seconds 
========================================================================
Received Import Request.
  Time since last request: 0.000031 seconds.
  path: Assets/Texture/Art/art_overlay_databubble.png
  artifactKey: Guid(4c9c5bdf211adfa45bebdd28466c7ea7) Importer(815301076,1909f56bfc062723c751e8b465ee728b)
Start importing Assets/Texture/Art/art_overlay_databubble.png using Guid(4c9c5bdf211adfa45bebdd28466c7ea7) Importer(815301076,1909f56bfc062723c751e8b465ee728b)  -> (artifact id: 'a7a2278eddbea8df1c28e5481be2e5b2') in 0.169936 seconds 
========================================================================
Received Import Request.
  Time since last request: 0.000025 seconds.
  path: Assets/Texture/Art/art_progressbar_full.png
  artifactKey: Guid(58cd702f0f373fa4fa3a42cca770a18a) Importer(815301076,1909f56bfc062723c751e8b465ee728b)
Start importing Assets/Texture/Art/art_progressbar_full.png using Guid(58cd702f0f373fa4fa3a42cca770a18a) Importer(815301076,1909f56bfc062723c751e8b465ee728b)  -> (artifact id: 'a4e6d3e609267504e1bf3e54183cca63') in 0.017123 seconds 
========================================================================
Received Import Request.
  Time since last request: 0.000019 seconds.
  path: Assets/Texture/Art/art_spacemenu_infobubble.png
  artifactKey: Guid(4632b9dbb0bcf19469c5485a6a0fa9fa) Importer(815301076,1909f56bfc062723c751e8b465ee728b)
Start importing Assets/Texture/Art/art_spacemenu_infobubble.png using Guid(4632b9dbb0bcf19469c5485a6a0fa9fa) Importer(815301076,1909f56bfc062723c751e8b465ee728b)  -> (artifact id: '33871748001d007d9a2ce3f7cad6398e') in 0.032420 seconds 
========================================================================
Received Import Request.
  Time since last request: 0.000021 seconds.
  path: Assets/Texture/Art/art_portal.png
  artifactKey: Guid(82db5f3595b759a4db28fc8f2e5441a1) Importer(815301076,1909f56bfc062723c751e8b465ee728b)
Start importing Assets/Texture/Art/art_portal.png using Guid(82db5f3595b759a4db28fc8f2e5441a1) Importer(815301076,1909f56bfc062723c751e8b465ee728b)  -> (artifact id: '2ac65c70c0af90e3d9d90e1627c2709f') in 0.020575 seconds 
========================================================================
Received Import Request.
  Time since last request: 0.436528 seconds.
  path: Assets/Texture/Art/art_spacemenu_planet4.png
  artifactKey: Guid(fe5d6e8ae8c9e1c408fafb168a8fec34) Importer(815301076,1909f56bfc062723c751e8b465ee728b)
Start importing Assets/Texture/Art/art_spacemenu_planet4.png using Guid(fe5d6e8ae8c9e1c408fafb168a8fec34) Importer(815301076,1909f56bfc062723c751e8b465ee728b)  -> (artifact id: 'f658900e129edbea4bda077876c67018') in 0.047640 seconds 
========================================================================
Received Import Request.
  Time since last request: 0.000017 seconds.
  path: Assets/Texture/Art/art_spacemenu_planet09.png
  artifactKey: Guid(0f5be53142c3ffa4d8a237278dc88fc9) Importer(815301076,1909f56bfc062723c751e8b465ee728b)
Start importing Assets/Texture/Art/art_spacemenu_planet09.png using Guid(0f5be53142c3ffa4d8a237278dc88fc9) Importer(815301076,1909f56bfc062723c751e8b465ee728b)  -> (artifact id: 'a0845b315bd0e1b9f6f216b8299ec769') in 0.031781 seconds 
========================================================================
Received Import Request.
  Time since last request: 0.000020 seconds.
  path: Assets/Texture/Art/art_spacemenu_planet6.png
  artifactKey: Guid(e3a202ce208edd140abccc4a92fd6acb) Importer(815301076,1909f56bfc062723c751e8b465ee728b)
Start importing Assets/Texture/Art/art_spacemenu_planet6.png using Guid(e3a202ce208edd140abccc4a92fd6acb) Importer(815301076,1909f56bfc062723c751e8b465ee728b)  -> (artifact id: '1a1ef0b4159847b946e0b7642ee41290') in 0.041784 seconds 
========================================================================
Received Import Request.
  Time since last request: 0.000018 seconds.
  path: Assets/Texture/Art/art_spacemenu_planet11.png
  artifactKey: Guid(b3d892590fed962479a8ceb982434b6f) Importer(815301076,1909f56bfc062723c751e8b465ee728b)
Start importing Assets/Texture/Art/art_spacemenu_planet11.png using Guid(b3d892590fed962479a8ceb982434b6f) Importer(815301076,1909f56bfc062723c751e8b465ee728b)  -> (artifact id: '55895c2d499c2b4b1a6d4b3880a0c87b') in 0.029584 seconds 
========================================================================
Received Import Request.
  Time since last request: 0.000025 seconds.
  path: Assets/Texture/Art/art_spacemenu_planet12.png
  artifactKey: Guid(070ab563f03b6e14fbf3d3e377579842) Importer(815301076,1909f56bfc062723c751e8b465ee728b)
Start importing Assets/Texture/Art/art_spacemenu_planet12.png using Guid(070ab563f03b6e14fbf3d3e377579842) Importer(815301076,1909f56bfc062723c751e8b465ee728b)  -> (artifact id: 'c05d264aa15c3f8d12c34ea73ff00a8d') in 0.033716 seconds 
========================================================================
Received Import Request.
  Time since last request: 0.000019 seconds.
  path: Assets/Texture/Art/art_spacemenu_planet7.png
  artifactKey: Guid(c18b972056451d8458c445d17684228f) Importer(815301076,1909f56bfc062723c751e8b465ee728b)
Start importing Assets/Texture/Art/art_spacemenu_planet7.png using Guid(c18b972056451d8458c445d17684228f) Importer(815301076,1909f56bfc062723c751e8b465ee728b)  -> (artifact id: 'b263a9526fea8c96723163baab041139') in 0.043701 seconds 
========================================================================
Received Import Request.
  Time since last request: 5.240716 seconds.
  path: Assets/Texture/Art/Wallpaper Cosmetics/Shiphub_BG_wall_pink.png
  artifactKey: Guid(a32ad058b37f7f9428066cfdf0251a82) Importer(815301076,1909f56bfc062723c751e8b465ee728b)
Start importing Assets/Texture/Art/Wallpaper Cosmetics/Shiphub_BG_wall_pink.png using Guid(a32ad058b37f7f9428066cfdf0251a82) Importer(815301076,1909f56bfc062723c751e8b465ee728b)  -> (artifact id: '0ada05465f394fe5a125b50346de865f') in 0.149463 seconds 
========================================================================
Received Import Request.
  Time since last request: 0.000024 seconds.
  path: Assets/Texture/Art/Wallpaper Cosmetics/Wallpaper_icon_purple.png
  artifactKey: Guid(e360cba04ee2a3640bf123baa96edbd3) Importer(815301076,1909f56bfc062723c751e8b465ee728b)
Start importing Assets/Texture/Art/Wallpaper Cosmetics/Wallpaper_icon_purple.png using Guid(e360cba04ee2a3640bf123baa96edbd3) Importer(815301076,1909f56bfc062723c751e8b465ee728b)  -> (artifact id: '38bc2e7931a26f1007372cfe60312904') in 0.018342 seconds 
========================================================================
Received Import Request.
  Time since last request: 0.000021 seconds.
  path: Assets/Texture/Art/Wallpaper Cosmetics/wp_icon_pointy_purple.png
  artifactKey: Guid(a1061886ac525e947a1a42a8fd3b337f) Importer(815301076,1909f56bfc062723c751e8b465ee728b)
Start importing Assets/Texture/Art/Wallpaper Cosmetics/wp_icon_pointy_purple.png using Guid(a1061886ac525e947a1a42a8fd3b337f) Importer(815301076,1909f56bfc062723c751e8b465ee728b)  -> (artifact id: 'ef6f913e9ff036b4e39daa85fb799bd9') in 0.013660 seconds 
========================================================================
Received Import Request.
  Time since last request: 0.000030 seconds.
  path: Assets/Texture/Art/Wallpaper Cosmetics/Wallpaper_icon_blue.png
  artifactKey: Guid(0d9611bdf5440e34e8753f15a16520e6) Importer(815301076,1909f56bfc062723c751e8b465ee728b)
Start importing Assets/Texture/Art/Wallpaper Cosmetics/Wallpaper_icon_blue.png using Guid(0d9611bdf5440e34e8753f15a16520e6) Importer(815301076,1909f56bfc062723c751e8b465ee728b)  -> (artifact id: '1b6d30e6dac2a3be923d7c593c633c96') in 0.013582 seconds 
========================================================================
Received Import Request.
  Time since last request: 0.000021 seconds.
  path: Assets/Texture/Art/Wallpaper Cosmetics/wp_icon_pointy_orange.png
  artifactKey: Guid(0ae5693a0cc8b474eb37908b51cd6225) Importer(815301076,1909f56bfc062723c751e8b465ee728b)
Start importing Assets/Texture/Art/Wallpaper Cosmetics/wp_icon_pointy_orange.png using Guid(0ae5693a0cc8b474eb37908b51cd6225) Importer(815301076,1909f56bfc062723c751e8b465ee728b)  -> (artifact id: '19fbeb6d06d6b63e0f10d2c091a9adfa') in 0.015846 seconds 
========================================================================
Received Import Request.
  Time since last request: 0.000016 seconds.
  path: Assets/Texture/Art/Wallpaper Cosmetics/wp_icon_pointy_blue.png
  artifactKey: Guid(ae4d40c96f1899a409cb926474eca983) Importer(815301076,1909f56bfc062723c751e8b465ee728b)
Start importing Assets/Texture/Art/Wallpaper Cosmetics/wp_icon_pointy_blue.png using Guid(ae4d40c96f1899a409cb926474eca983) Importer(815301076,1909f56bfc062723c751e8b465ee728b)  -> (artifact id: '7ec84cedfb296e02a1b30e7cab7675cf') in 0.012595 seconds 
========================================================================
Received Import Request.
  Time since last request: 0.000015 seconds.
  path: Assets/Texture/Art/Wallpaper Cosmetics/Wallpaper_icon_green.png
  artifactKey: Guid(d8ec6ddea7f60a246b948aaf862a44bf) Importer(815301076,1909f56bfc062723c751e8b465ee728b)
Start importing Assets/Texture/Art/Wallpaper Cosmetics/Wallpaper_icon_green.png using Guid(d8ec6ddea7f60a246b948aaf862a44bf) Importer(815301076,1909f56bfc062723c751e8b465ee728b)  -> (artifact id: '6701e28484b492c05b03232b4b4aec71') in 0.012152 seconds 
========================================================================
Received Import Request.
  Time since last request: 0.000015 seconds.
  path: Assets/Texture/Art/Wallpaper Cosmetics/wallpaper_icon_manekiblack.png
  artifactKey: Guid(54c440419f3e6d94c95d001a088f9fc2) Importer(815301076,1909f56bfc062723c751e8b465ee728b)
Start importing Assets/Texture/Art/Wallpaper Cosmetics/wallpaper_icon_manekiblack.png using Guid(54c440419f3e6d94c95d001a088f9fc2) Importer(815301076,1909f56bfc062723c751e8b465ee728b)  -> (artifact id: 'a91baa6cccc7dd3d55351652c817d83d') in 0.015085 seconds 
========================================================================
Received Import Request.
  Time since last request: 0.000025 seconds.
  path: Assets/Texture/Art/Wallpaper Cosmetics/Wallpaper_icon_orange.png
  artifactKey: Guid(e6fd9950db2c4424f9c704f024a1b159) Importer(815301076,1909f56bfc062723c751e8b465ee728b)
Start importing Assets/Texture/Art/Wallpaper Cosmetics/Wallpaper_icon_orange.png using Guid(e6fd9950db2c4424f9c704f024a1b159) Importer(815301076,1909f56bfc062723c751e8b465ee728b)  -> (artifact id: 'cfc9037ff91326c83124c63649f3be1e') in 0.012459 seconds 
========================================================================
Received Import Request.
  Time since last request: 0.000020 seconds.
  path: Assets/Texture/Art/Wallpaper Cosmetics/wp_icon_pointy_pink.png
  artifactKey: Guid(10e16f43b91e5d040b7404a380c545ee) Importer(815301076,1909f56bfc062723c751e8b465ee728b)
Start importing Assets/Texture/Art/Wallpaper Cosmetics/wp_icon_pointy_pink.png using Guid(10e16f43b91e5d040b7404a380c545ee) Importer(815301076,1909f56bfc062723c751e8b465ee728b)  -> (artifact id: '6f77773e666d8e97247dd9219e215847') in 0.013204 seconds 
========================================================================
Received Import Request.
  Time since last request: 0.000020 seconds.
  path: Assets/Texture/Art/Wallpaper Cosmetics/wallpaper_icon_manekiwhite.png
  artifactKey: Guid(96182c38204670443839f158aefc2447) Importer(815301076,1909f56bfc062723c751e8b465ee728b)
Start importing Assets/Texture/Art/Wallpaper Cosmetics/wallpaper_icon_manekiwhite.png using Guid(96182c38204670443839f158aefc2447) Importer(815301076,1909f56bfc062723c751e8b465ee728b)  -> (artifact id: '06d95e61f663a4f19bfa224262dab87d') in 0.012621 seconds 
========================================================================
Received Import Request.
  Time since last request: 0.207858 seconds.
  path: Assets/Texture/Art/Store View/art_btn_highlight.png
  artifactKey: Guid(0cbcb14b0d5a53748b597fe642380a2f) Importer(815301076,1909f56bfc062723c751e8b465ee728b)
Start importing Assets/Texture/Art/Store View/art_btn_highlight.png using Guid(0cbcb14b0d5a53748b597fe642380a2f) Importer(815301076,1909f56bfc062723c751e8b465ee728b)  -> (artifact id: 'cb47bbd540c78fd754e2d349ac99d7dd') in 0.032052 seconds 
========================================================================
Received Import Request.
  Time since last request: 0.000019 seconds.
  path: Assets/Texture/Art/Store View/Shop_banner.png
  artifactKey: Guid(aa00efb23f4cb434791be95dc3f12086) Importer(815301076,1909f56bfc062723c751e8b465ee728b)
Start importing Assets/Texture/Art/Store View/Shop_banner.png using Guid(aa00efb23f4cb434791be95dc3f12086) Importer(815301076,1909f56bfc062723c751e8b465ee728b)  -> (artifact id: 'a3cbdefb5159f97b4c73cc553f0418ec') in 0.075189 seconds 
========================================================================
Received Import Request.
  Time since last request: 0.000019 seconds.
  path: Assets/Texture/Art/Store View/Collection_screen_BG.png
  artifactKey: Guid(3258b0d245f87144fa8ce24e6b11560b) Importer(815301076,1909f56bfc062723c751e8b465ee728b)
Start importing Assets/Texture/Art/Store View/Collection_screen_BG.png using Guid(3258b0d245f87144fa8ce24e6b11560b) Importer(815301076,1909f56bfc062723c751e8b465ee728b)  -> (artifact id: '07f67b86f342b0d2eccaf23e2cd2d99a') in 0.101066 seconds 
========================================================================
Received Import Request.
  Time since last request: 0.000056 seconds.
  path: Assets/Texture/Art/Store View/shop_button.png
  artifactKey: Guid(bb50009539fa48f4e81459f2b88a09cd) Importer(815301076,1909f56bfc062723c751e8b465ee728b)
Start importing Assets/Texture/Art/Store View/shop_button.png using Guid(bb50009539fa48f4e81459f2b88a09cd) Importer(815301076,1909f56bfc062723c751e8b465ee728b)  -> (artifact id: '4d98fa7183fa3814563c8cccb90b652a') in 0.039480 seconds 
========================================================================
Received Import Request.
  Time since last request: 2.523554 seconds.
  path: Assets/Texture/Art/Pearl View/Pearl_BG_2.png
  artifactKey: Guid(c5276ab148ec65647854427b64cf0368) Importer(815301076,1909f56bfc062723c751e8b465ee728b)
Start importing Assets/Texture/Art/Pearl View/Pearl_BG_2.png using Guid(c5276ab148ec65647854427b64cf0368) Importer(815301076,1909f56bfc062723c751e8b465ee728b)  -> (artifact id: '283a559782146ba96a1bed95b827f722') in 0.132685 seconds 
========================================================================
Received Import Request.
  Time since last request: 0.462649 seconds.
  path: Assets/Texture/Art/Machine Card/art_machine_door.png
  artifactKey: Guid(3a84f9d8f57a3f74d840dfa91e32c31a) Importer(815301076,1909f56bfc062723c751e8b465ee728b)
Start importing Assets/Texture/Art/Machine Card/art_machine_door.png using Guid(3a84f9d8f57a3f74d840dfa91e32c31a) Importer(815301076,1909f56bfc062723c751e8b465ee728b)  -> (artifact id: '8ef16f27757aebab72ef2eba511e5a88') in 0.048082 seconds 
========================================================================
Received Import Request.
  Time since last request: 0.000016 seconds.
  path: Assets/Texture/Art/Machine Card/art_machine_mic_off_quiz.png
  artifactKey: Guid(6a9c62381e42564488d7d7f73285b910) Importer(815301076,1909f56bfc062723c751e8b465ee728b)
Start importing Assets/Texture/Art/Machine Card/art_machine_mic_off_quiz.png using Guid(6a9c62381e42564488d7d7f73285b910) Importer(815301076,1909f56bfc062723c751e8b465ee728b)  -> (artifact id: 'fd75c320569eb28706bbeafcdf42ce94') in 0.017413 seconds 
========================================================================
Received Import Request.
  Time since last request: 0.000014 seconds.
  path: Assets/Texture/Art/Machine Card/art_machine_mic_on.png
  artifactKey: Guid(993d29d80b7093e449eba441254e7d56) Importer(815301076,1909f56bfc062723c751e8b465ee728b)
Start importing Assets/Texture/Art/Machine Card/art_machine_mic_on.png using Guid(993d29d80b7093e449eba441254e7d56) Importer(815301076,1909f56bfc062723c751e8b465ee728b)  -> (artifact id: '759c3c6ee39b8ce5bfbff143ae034754') in 0.016863 seconds 
========================================================================
Received Import Request.
  Time since last request: 0.000021 seconds.
  path: Assets/Texture/Art/Machine Card/art_machine_points.jpg
  artifactKey: Guid(5e52fad688d435745b6b1283eebb0915) Importer(815301076,1909f56bfc062723c751e8b465ee728b)
Start importing Assets/Texture/Art/Machine Card/art_machine_points.jpg using Guid(5e52fad688d435745b6b1283eebb0915) Importer(815301076,1909f56bfc062723c751e8b465ee728b)  -> (artifact id: 'fd8ef6586d414c1c6b195a3f6c8d8bd0') in 0.017812 seconds 
========================================================================
Received Import Request.
  Time since last request: 0.000024 seconds.
  path: Assets/Texture/Art/Machine Card/art_machine_mic_off.png
  artifactKey: Guid(7e0ebcb49c2a52b4cb6f7eeaebf91b68) Importer(815301076,1909f56bfc062723c751e8b465ee728b)
Start importing Assets/Texture/Art/Machine Card/art_machine_mic_off.png using Guid(7e0ebcb49c2a52b4cb6f7eeaebf91b68) Importer(815301076,1909f56bfc062723c751e8b465ee728b)  -> (artifact id: '22d165fa505e5a39757d95311086a3d4') in 0.017521 seconds 
========================================================================
Received Import Request.
  Time since last request: 2.962540 seconds.
  path: Assets/Texture/Art/art_spacemenu_textbtn_pressed.png
  artifactKey: Guid(08a8f0b2445de4643960df55c479a41b) Importer(815301076,1909f56bfc062723c751e8b465ee728b)
Start importing Assets/Texture/Art/art_spacemenu_textbtn_pressed.png using Guid(08a8f0b2445de4643960df55c479a41b) Importer(815301076,1909f56bfc062723c751e8b465ee728b)  -> (artifact id: 'a54960b2d12f3150d46e3b715bf5ce55') in 0.262858 seconds 
========================================================================
Received Import Request.
  Time since last request: 0.000024 seconds.
  path: Assets/Texture/Art/art_wordpearl_bottom_bronze.png
  artifactKey: Guid(f46e2e306b7e2e94f9afab56f3643c6c) Importer(815301076,1909f56bfc062723c751e8b465ee728b)
Start importing Assets/Texture/Art/art_wordpearl_bottom_bronze.png using Guid(f46e2e306b7e2e94f9afab56f3643c6c) Importer(815301076,1909f56bfc062723c751e8b465ee728b)  -> (artifact id: '8f9987781caa5c8ce11ec932a788ed95') in 0.083558 seconds 
========================================================================
Received Import Request.
  Time since last request: 0.000031 seconds.
  path: Assets/Texture/Art/icon_moonstone.png
  artifactKey: Guid(9e034bec55433764daa702ae40d164f5) Importer(815301076,1909f56bfc062723c751e8b465ee728b)
Start importing Assets/Texture/Art/icon_moonstone.png using Guid(9e034bec55433764daa702ae40d164f5) Importer(815301076,1909f56bfc062723c751e8b465ee728b)  -> (artifact id: '80c1541058308ae1922d546fda92fbd0') in 0.011794 seconds 
Editor requested this worker to shutdown with reason: Scaling down because of idle timeout
AssetImportWorker is now disconnected from the server
Process exiting
Exiting without the bug reporter. Application will terminate with return code 0