Using pre-set license
Built from '2021.3/staging' branch; Version is '2021.3.14f1 (eee1884e7226) revision 15655304'; Using compiler version '192829333'; Build Type 'Release'
OS: 'Windows 10  (10.0.19045) 64bit Education' Language: 'en' Physical Memory: 32678 MB
BatchMode: 1, IsHumanControllingUs: 0, StartBugReporterOnCrash: 0, Is64bit: 1, IsPro: 1

COMMAND LINE ARGUMENTS:
C:\Program Files\Unity\Hub\Editor\2021.3.14f1\Editor\Unity.exe
-adb2
-batchMode
-noUpm
-name
AssetImportWorker3
-projectPath
C:/AProjects/Pop2Talk
-logFile
Logs/AssetImportWorker3.log
-srvPort
56311
Successfully changed project path to: C:/AProjects/Pop2Talk
C:/AProjects/Pop2Talk
[UnityMemory] Configuration Parameters - Can be set up in boot.config
    "memorysetup-bucket-allocator-granularity=16"
    "memorysetup-bucket-allocator-bucket-count=8"
    "memorysetup-bucket-allocator-block-size=33554432"
    "memorysetup-bucket-allocator-block-count=8"
    "memorysetup-main-allocator-block-size=16777216"
    "memorysetup-thread-allocator-block-size=16777216"
    "memorysetup-gfx-main-allocator-block-size=16777216"
    "memorysetup-gfx-thread-allocator-block-size=16777216"
    "memorysetup-cache-allocator-block-size=4194304"
    "memorysetup-typetree-allocator-block-size=2097152"
    "memorysetup-profiler-bucket-allocator-granularity=16"
    "memorysetup-profiler-bucket-allocator-bucket-count=8"
    "memorysetup-profiler-bucket-allocator-block-size=33554432"
    "memorysetup-profiler-bucket-allocator-block-count=8"
    "memorysetup-profiler-allocator-block-size=16777216"
    "memorysetup-profiler-editor-allocator-block-size=1048576"
    "memorysetup-temp-allocator-size-main=16777216"
    "memorysetup-job-temp-allocator-block-size=2097152"
    "memorysetup-job-temp-allocator-block-size-background=1048576"
    "memorysetup-job-temp-allocator-reduction-small-platforms=262144"
    "memorysetup-temp-allocator-size-background-worker=32768"
    "memorysetup-temp-allocator-size-job-worker=262144"
    "memorysetup-temp-allocator-size-preload-manager=33554432"
    "memorysetup-temp-allocator-size-nav-mesh-worker=65536"
    "memorysetup-temp-allocator-size-audio-worker=65536"
    "memorysetup-temp-allocator-size-cloud-worker=32768"
    "memorysetup-temp-allocator-size-gi-baking-worker=262144"
    "memorysetup-temp-allocator-size-gfx=262144"
Refreshing native plugins compatible for Editor in 63.32 ms, found 2 plugins.
Preloading 0 native plugins for Editor in 0.00 ms.
Initialize engine version: 2021.3.14f1 (eee1884e7226)
[Subsystems] Discovering subsystems at path C:/Program Files/Unity/Hub/Editor/2021.3.14f1/Editor/Data/Resources/UnitySubsystems
[Subsystems] Discovering subsystems at path C:/AProjects/Pop2Talk/Assets
GfxDevice: creating device client; threaded=0; jobified=0
Direct3D:
    Version:  Direct3D 11.0 [level 11.1]
    Renderer: NVIDIA GeForce GTX 970 (ID=0x13c2)
    Vendor:   NVIDIA
    VRAM:     4043 MB
    Driver:   31.0.15.1694
Initialize mono
Mono path[0] = 'C:/Program Files/Unity/Hub/Editor/2021.3.14f1/Editor/Data/Managed'
Mono path[1] = 'C:/Program Files/Unity/Hub/Editor/2021.3.14f1/Editor/Data/MonoBleedingEdge/lib/mono/unityjit-win32'
Mono config path = 'C:/Program Files/Unity/Hub/Editor/2021.3.14f1/Editor/Data/MonoBleedingEdge/etc'
Using monoOptions --debugger-agent=transport=dt_socket,embedding=1,server=y,suspend=n,address=127.0.0.1:56256
Begin MonoManager ReloadAssembly
Registering precompiled unity dll's ...
Register platform support module: C:/Program Files/Unity/Hub/Editor/2021.3.14f1/Editor/Data/PlaybackEngines/AndroidPlayer/UnityEditor.Android.Extensions.dll
Register platform support module: C:/Program Files/Unity/Hub/Editor/2021.3.14f1/Editor/Data/PlaybackEngines/iOSSupport/UnityEditor.iOS.Extensions.dll
Register platform support module: C:/Program Files/Unity/Hub/Editor/2021.3.14f1/Editor/Data/PlaybackEngines/WindowsStandaloneSupport/UnityEditor.WindowsStandalone.Extensions.dll
Register platform support module: C:/Program Files/Unity/Hub/Editor/2021.3.14f1/Editor/Data/PlaybackEngines/MetroSupport/UnityEditor.UWP.Extensions.dll
Registered in 0.006021 seconds.
Native extension for UWP target not found
Native extension for WindowsStandalone target not found
[usbmuxd] Start listen thread
[usbmuxd] Listen thread started
Native extension for iOS target not found
Native extension for Android target not found
Refreshing native plugins compatible for Editor in 46.05 ms, found 2 plugins.
Preloading 0 native plugins for Editor in 0.00 ms.
Mono: successfully reloaded assembly
- Completed reload, in  0.490 seconds
Domain Reload Profiling:
	ReloadAssembly (490ms)
		BeginReloadAssembly (68ms)
			ExecutionOrderSort (0ms)
			DisableScriptedObjects (0ms)
			BackupInstance (0ms)
			ReleaseScriptingObjects (0ms)
			CreateAndSetChildDomain (1ms)
		EndReloadAssembly (331ms)
			LoadAssemblies (67ms)
			RebuildTransferFunctionScriptingTraits (0ms)
			SetupTypeCache (74ms)
			ReleaseScriptCaches (0ms)
			RebuildScriptCaches (19ms)
			SetupLoadedEditorAssemblies (199ms)
				LogAssemblyErrors (0ms)
				InitializePlatformSupportModulesInManaged (53ms)
				SetLoadedEditorAssemblies (0ms)
				RefreshPlugins (46ms)
				BeforeProcessingInitializeOnLoad (1ms)
				ProcessInitializeOnLoadAttributes (66ms)
				ProcessInitializeOnLoadMethodAttributes (32ms)
				AfterProcessingInitializeOnLoad (0ms)
				EditorAssembliesLoaded (0ms)
			ExecutionOrderSort2 (0ms)
			AwakeInstancesAfterBackupRestoration (0ms)
Platform modules already initialized, skipping
Registering precompiled user dll's ...
Registered in 0.003075 seconds.
Begin MonoManager ReloadAssembly
Native extension for UWP target not found
Native extension for WindowsStandalone target not found
Native extension for iOS target not found
Native extension for Android target not found
Refreshing native plugins compatible for Editor in 1.31 ms, found 2 plugins.
Preloading 0 native plugins for Editor in 0.00 ms.
Package Manager log level set to [2]
Mono: successfully reloaded assembly
- Completed reload, in  1.170 seconds
Domain Reload Profiling:
	ReloadAssembly (1171ms)
		BeginReloadAssembly (194ms)
			ExecutionOrderSort (0ms)
			DisableScriptedObjects (5ms)
			BackupInstance (0ms)
			ReleaseScriptingObjects (0ms)
			CreateAndSetChildDomain (123ms)
		EndReloadAssembly (908ms)
			LoadAssemblies (70ms)
			RebuildTransferFunctionScriptingTraits (0ms)
			SetupTypeCache (187ms)
			ReleaseScriptCaches (1ms)
			RebuildScriptCaches (45ms)
			SetupLoadedEditorAssemblies (565ms)
				LogAssemblyErrors (0ms)
				InitializePlatformSupportModulesInManaged (35ms)
				SetLoadedEditorAssemblies (0ms)
				RefreshPlugins (1ms)
				BeforeProcessingInitializeOnLoad (84ms)
				ProcessInitializeOnLoadAttributes (308ms)
				ProcessInitializeOnLoadMethodAttributes (129ms)
				AfterProcessingInitializeOnLoad (7ms)
				EditorAssembliesLoaded (0ms)
			ExecutionOrderSort2 (0ms)
			AwakeInstancesAfterBackupRestoration (6ms)
Platform modules already initialized, skipping
========================================================================
Worker process is ready to serve import requests
Launched and connected shader compiler UnityShaderCompiler.exe after 0.08 seconds
Refreshing native plugins compatible for Editor in 1.62 ms, found 2 plugins.
Preloading 0 native plugins for Editor in 0.00 ms.
Unloading 3720 Unused Serialized files (Serialized files now loaded: 0)
Unloading 39 unused Assets / (30.5 KB). Loaded Objects now: 4183.
Memory consumption went from 134.7 MB to 134.7 MB.
Total: 7.353500 ms (FindLiveObjects: 0.537400 ms CreateObjectMapping: 0.154100 ms MarkObjects: 6.610400 ms  DeleteObjects: 0.050600 ms)

AssetImportParameters requested are different than current active one (requested -> active):
  custom:video-decoder-ogg-theora: a1e56fd34408186e4bbccfd4996cb3dc -> 
  custom:container-muxer-webm: aa71ff27fc2769a1b78a27578f13a17b -> 
  custom:container-demuxer-webm: 4f35f7cbe854078d1ac9338744f61a02 -> 
  custom:video-encoder-webm-vp8: eb34c28f22e8b96e1ab97ce403110664 -> 
  custom:audio-encoder-webm-vorbis: bf7c407c2cedff20999df2af8eb42d56 -> 
  custom:framework-win-MediaFoundation: 216162199b28c13a410421893ffa2e32 -> 
  custom:container-demuxer-ogg: 62fdf1f143b41e24485cea50d1cbac27 -> 
  custom:video-decoder-webm-vp8: 9c59270c3fd7afecdb556c50c9e8de78 -> 
  custom:audio-decoder-ogg-vorbis: bf7c407c2cedff20999df2af8eb42d56 -> 
========================================================================
Received Import Request.
  Time since last request: 427852.662382 seconds.
  path: Packages/com.unity.collab-proxy/Editor/PlasticSCM/Assets/Images/d_icondeletedlocaloverlay.png
  artifactKey: Guid(4da274d970a82a943ae3979e7833f3dd) Importer(815301076,1909f56bfc062723c751e8b465ee728b)
Start importing Packages/com.unity.collab-proxy/Editor/PlasticSCM/Assets/Images/d_icondeletedlocaloverlay.png using Guid(4da274d970a82a943ae3979e7833f3dd) Importer(815301076,1909f56bfc062723c751e8b465ee728b)  -> (artifact id: 'd62f28592bad71b3fb59b0bd8454c473') in 0.092852 seconds 
========================================================================
Received Import Request.
  Time since last request: 0.000016 seconds.
  path: Assets/Word Data/Images/2019/count.jpg
  artifactKey: Guid(85a8911f4b55f0f468770aa03e883a36) Importer(815301076,1909f56bfc062723c751e8b465ee728b)
Start importing Assets/Word Data/Images/2019/count.jpg using Guid(85a8911f4b55f0f468770aa03e883a36) Importer(815301076,1909f56bfc062723c751e8b465ee728b)  -> (artifact id: '111d410432cf444356fd021f1aa87fb3') in 0.035301 seconds 
========================================================================
Received Import Request.
  Time since last request: 0.000017 seconds.
  path: Packages/com.unity.collab-proxy/Editor/PlasticSCM/Assets/Images/d_cloudbuho.png
  artifactKey: Guid(e5600378dd761e64d9423790c482bf36) Importer(815301076,1909f56bfc062723c751e8b465ee728b)
Start importing Packages/com.unity.collab-proxy/Editor/PlasticSCM/Assets/Images/d_cloudbuho.png using Guid(e5600378dd761e64d9423790c482bf36) Importer(815301076,1909f56bfc062723c751e8b465ee728b)  -> (artifact id: '7e8757ab3c48e679b65d7e533bf25b97') in 0.021357 seconds 
========================================================================
Received Import Request.
  Time since last request: 0.000025 seconds.
  path: Packages/com.unity.collab-proxy/Editor/PlasticSCM/Assets/Images/d_iconclosebutton.png
  artifactKey: Guid(9cadde7a0d5f9024ab3f2cd5f6a740d6) Importer(815301076,1909f56bfc062723c751e8b465ee728b)
Start importing Packages/com.unity.collab-proxy/Editor/PlasticSCM/Assets/Images/d_iconclosebutton.png using Guid(9cadde7a0d5f9024ab3f2cd5f6a740d6) Importer(815301076,1909f56bfc062723c751e8b465ee728b)  -> (artifact id: '33a09b0157f4928162a4828878eacf62') in 0.010534 seconds 
========================================================================
Received Import Request.
  Time since last request: 0.000027 seconds.
  path: Packages/com.unity.collab-proxy/Editor/PlasticSCM/Assets/Images/d_expertbuhoshechristmas.png
  artifactKey: Guid(372e7b39fc8f34549ac25d8757965a2c) Importer(815301076,1909f56bfc062723c751e8b465ee728b)
Start importing Packages/com.unity.collab-proxy/Editor/PlasticSCM/Assets/Images/d_expertbuhoshechristmas.png using Guid(372e7b39fc8f34549ac25d8757965a2c) Importer(815301076,1909f56bfc062723c751e8b465ee728b)  -> (artifact id: '92f0bea8cd7f3951f6eabad9677f2cfe') in 0.018859 seconds 
========================================================================
Received Import Request.
  Time since last request: 0.000038 seconds.
  path: Assets/Texture/References/art_spacemenu_example.jpg
  artifactKey: Guid(d0a24f645b0eb5741aae0d593efc4a0a) Importer(815301076,1909f56bfc062723c751e8b465ee728b)
Start importing Assets/Texture/References/art_spacemenu_example.jpg using Guid(d0a24f645b0eb5741aae0d593efc4a0a) Importer(815301076,1909f56bfc062723c751e8b465ee728b)  -> (artifact id: 'bb6c4884b3137ad28e0198a9a69ba671') in 0.202424 seconds 
========================================================================
Received Import Request.
  Time since last request: 0.000018 seconds.
  path: Packages/com.unity.collab-proxy/Editor/PlasticSCM/Assets/Images/buttonssosigninemail.png
  artifactKey: Guid(d24e7e0b75e1a244bb9687d6fd4315ef) Importer(815301076,1909f56bfc062723c751e8b465ee728b)
Start importing Packages/com.unity.collab-proxy/Editor/PlasticSCM/Assets/Images/buttonssosigninemail.png using Guid(d24e7e0b75e1a244bb9687d6fd4315ef) Importer(815301076,1909f56bfc062723c751e8b465ee728b)  -> (artifact id: '3b15ea26219b9069c516aaff67c82762') in 0.010235 seconds 
========================================================================
Received Import Request.
  Time since last request: 0.000027 seconds.
  path: Packages/com.unity.collab-proxy/Editor/PlasticSCM/Assets/Images/d_secondarytabclose.png
  artifactKey: Guid(6975ee4c1f40caf4da8dd733ee2cfeaf) Importer(815301076,1909f56bfc062723c751e8b465ee728b)
Start importing Packages/com.unity.collab-proxy/Editor/PlasticSCM/Assets/Images/d_secondarytabclose.png using Guid(6975ee4c1f40caf4da8dd733ee2cfeaf) Importer(815301076,1909f56bfc062723c751e8b465ee728b)  -> (artifact id: 'ce0b1ca8050ebb659a6e24d23ac5be70') in 0.012871 seconds 
========================================================================
Received Import Request.
  Time since last request: 0.000024 seconds.
  path: Assets/Word Data/Images/2020-08/art_card_whistle.jpg
  artifactKey: Guid(ce4b3281bb76db847b56c2febcc9c3ff) Importer(815301076,1909f56bfc062723c751e8b465ee728b)
Start importing Assets/Word Data/Images/2020-08/art_card_whistle.jpg using Guid(ce4b3281bb76db847b56c2febcc9c3ff) Importer(815301076,1909f56bfc062723c751e8b465ee728b)  -> (artifact id: '5647c438591c22c71ef5293cd5acdf49') in 0.022607 seconds 
========================================================================
Received Import Request.
  Time since last request: 0.000031 seconds.
  path: Assets/Word Data/Images/2020-04/art_card_ocean.jpg
  artifactKey: Guid(423b4e92943501f4abc3f0e186afb11b) Importer(815301076,1909f56bfc062723c751e8b465ee728b)
Start importing Assets/Word Data/Images/2020-04/art_card_ocean.jpg using Guid(423b4e92943501f4abc3f0e186afb11b) Importer(815301076,1909f56bfc062723c751e8b465ee728b)  -> (artifact id: '43049775063422415000def28abaed5a') in 0.035129 seconds 
========================================================================
Received Import Request.
  Time since last request: 0.000020 seconds.
  path: Assets/Word Data/Images/2020-04/art_card_stairs.jpg
  artifactKey: Guid(2a9d414057ada344694f8a5e8560de78) Importer(815301076,1909f56bfc062723c751e8b465ee728b)
Start importing Assets/Word Data/Images/2020-04/art_card_stairs.jpg using Guid(2a9d414057ada344694f8a5e8560de78) Importer(815301076,1909f56bfc062723c751e8b465ee728b)  -> (artifact id: '8cedf98dfe06700feb8a37fc571cfa67') in 0.025331 seconds 
========================================================================
Received Import Request.
  Time since last request: 0.000017 seconds.
  path: Assets/Word Data/Images/2020-08/art_card_fog.jpg
  artifactKey: Guid(5c77d1d2bdb30f24ebbff9098ef81f58) Importer(815301076,1909f56bfc062723c751e8b465ee728b)
Start importing Assets/Word Data/Images/2020-08/art_card_fog.jpg using Guid(5c77d1d2bdb30f24ebbff9098ef81f58) Importer(815301076,1909f56bfc062723c751e8b465ee728b)  -> (artifact id: 'c4688b5239929d40e57ae2b14fa7582d') in 0.038184 seconds 
========================================================================
Received Import Request.
  Time since last request: 0.000043 seconds.
  path: Assets/Word Data/Images/2020-04/art_card_grandchild.jpg
  artifactKey: Guid(64e461735e2331d4ba8316128930eae8) Importer(815301076,1909f56bfc062723c751e8b465ee728b)
Start importing Assets/Word Data/Images/2020-04/art_card_grandchild.jpg using Guid(64e461735e2331d4ba8316128930eae8) Importer(815301076,1909f56bfc062723c751e8b465ee728b)  -> (artifact id: 'dda2a4cb32dd9520b72a335e26b3df47') in 0.027072 seconds 
========================================================================
Received Import Request.
  Time since last request: 0.000018 seconds.
  path: Assets/Word Data/Images/2020-08/art_card_vuvuzela.jpg
  artifactKey: Guid(82cf7f8efd1c64648b6c31b62cc5cb17) Importer(815301076,1909f56bfc062723c751e8b465ee728b)
Start importing Assets/Word Data/Images/2020-08/art_card_vuvuzela.jpg using Guid(82cf7f8efd1c64648b6c31b62cc5cb17) Importer(815301076,1909f56bfc062723c751e8b465ee728b)  -> (artifact id: '552481a6e387fc5e7c10739f9329d718') in 0.027113 seconds 
========================================================================
Received Import Request.
  Time since last request: 0.000032 seconds.
  path: Assets/Word Data/Images/2020-08/art_card_freezing.jpg
  artifactKey: Guid(75f847fd69fd7974ba4de92592b94ce6) Importer(815301076,1909f56bfc062723c751e8b465ee728b)
Start importing Assets/Word Data/Images/2020-08/art_card_freezing.jpg using Guid(75f847fd69fd7974ba4de92592b94ce6) Importer(815301076,1909f56bfc062723c751e8b465ee728b)  -> (artifact id: 'd947a5d5bf876248d2d2095506be9348') in 0.032025 seconds 
========================================================================
Received Import Request.
  Time since last request: 0.000040 seconds.
  path: Assets/Word Data/Images/2020-04/art_card_kitten.jpg
  artifactKey: Guid(6ca054798e8f1bd438b6045ee8a57a0a) Importer(815301076,1909f56bfc062723c751e8b465ee728b)
Start importing Assets/Word Data/Images/2020-04/art_card_kitten.jpg using Guid(6ca054798e8f1bd438b6045ee8a57a0a) Importer(815301076,1909f56bfc062723c751e8b465ee728b)  -> (artifact id: 'e4e916cc64101beebd0f1b021996c51f') in 0.027852 seconds 
========================================================================
Received Import Request.
  Time since last request: 0.000022 seconds.
  path: Assets/Word Data/Images/2020-08/art_card_drawing.jpg
  artifactKey: Guid(e780fc668eda95b47943cbe3f8473f17) Importer(815301076,1909f56bfc062723c751e8b465ee728b)
Start importing Assets/Word Data/Images/2020-08/art_card_drawing.jpg using Guid(e780fc668eda95b47943cbe3f8473f17) Importer(815301076,1909f56bfc062723c751e8b465ee728b)  -> (artifact id: 'ec6bfc29d2501ce27b4c31c6eaeb8704') in 0.030797 seconds 
========================================================================
Received Import Request.
  Time since last request: 0.000020 seconds.
  path: Assets/Word Data/Images/2020-08/art_card_heavy.jpg
  artifactKey: Guid(89a793ba5a7b68247871accdf259d350) Importer(815301076,1909f56bfc062723c751e8b465ee728b)
Start importing Assets/Word Data/Images/2020-08/art_card_heavy.jpg using Guid(89a793ba5a7b68247871accdf259d350) Importer(815301076,1909f56bfc062723c751e8b465ee728b)  -> (artifact id: 'a13976f88ea1f5e5c213f3de85ddd6fa') in 0.028526 seconds 
========================================================================
Received Import Request.
  Time since last request: 0.000017 seconds.
  path: Assets/Word Data/Images/2020-04/art_card_shower.jpg
  artifactKey: Guid(625561bb2633b57469f5065d259ef281) Importer(815301076,1909f56bfc062723c751e8b465ee728b)
Start importing Assets/Word Data/Images/2020-04/art_card_shower.jpg using Guid(625561bb2633b57469f5065d259ef281) Importer(815301076,1909f56bfc062723c751e8b465ee728b)  -> (artifact id: 'a62c9f0d502b3ad56788a26123cd9891') in 0.031420 seconds 
========================================================================
Received Import Request.
  Time since last request: 0.000024 seconds.
  path: Assets/Word Data/Images/2020-04/art_card_backpack.jpg
  artifactKey: Guid(564d462b332a8fe4d9b852d384c9ab25) Importer(815301076,1909f56bfc062723c751e8b465ee728b)
Start importing Assets/Word Data/Images/2020-04/art_card_backpack.jpg using Guid(564d462b332a8fe4d9b852d384c9ab25) Importer(815301076,1909f56bfc062723c751e8b465ee728b)  -> (artifact id: 'b6e9adeef5350dc3f6525df86f5ccca8') in 0.024618 seconds 
========================================================================
Received Import Request.
  Time since last request: 0.000021 seconds.
  path: Assets/Word Data/Images/2019/house.jpg
  artifactKey: Guid(460b771554a25e64ea1f2ed73e4e49ee) Importer(815301076,1909f56bfc062723c751e8b465ee728b)
Start importing Assets/Word Data/Images/2019/house.jpg using Guid(460b771554a25e64ea1f2ed73e4e49ee) Importer(815301076,1909f56bfc062723c751e8b465ee728b)  -> (artifact id: '86558ef3237f7e1ae823a148fa766456') in 0.026631 seconds 
========================================================================
Received Import Request.
  Time since last request: 0.000022 seconds.
  path: Packages/com.unity.collab-proxy/Editor/PlasticSCM/Assets/Images/icondeletedremote.png
  artifactKey: Guid(b85a4b2ec6433d04895612d791edc260) Importer(815301076,1909f56bfc062723c751e8b465ee728b)
Start importing Packages/com.unity.collab-proxy/Editor/PlasticSCM/Assets/Images/icondeletedremote.png using Guid(b85a4b2ec6433d04895612d791edc260) Importer(815301076,1909f56bfc062723c751e8b465ee728b)  -> (artifact id: 'f91cbc16c5ea2e6199b7cfc0cd2bf66e') in 0.012934 seconds 
========================================================================
Received Import Request.
  Time since last request: 0.000025 seconds.
  path: Assets/Texture/pair_mask.png
  artifactKey: Guid(0765f56201c33bf4e8ef0b33467bddec) Importer(815301076,1909f56bfc062723c751e8b465ee728b)
Start importing Assets/Texture/pair_mask.png using Guid(0765f56201c33bf4e8ef0b33467bddec) Importer(815301076,1909f56bfc062723c751e8b465ee728b)  -> (artifact id: '669c7322346826cdb06cea1e6282fe3b') in 0.016958 seconds 
========================================================================
Received Import Request.
  Time since last request: 0.000035 seconds.
  path: Packages/com.unity.collab-proxy/Editor/PlasticSCM/Assets/Images/d_iconprivateoverlay@2x.png
  artifactKey: Guid(7f854f490da24e54f9e8383e446b5d81) Importer(815301076,1909f56bfc062723c751e8b465ee728b)
Start importing Packages/com.unity.collab-proxy/Editor/PlasticSCM/Assets/Images/d_iconprivateoverlay@2x.png using Guid(7f854f490da24e54f9e8383e446b5d81) Importer(815301076,1909f56bfc062723c751e8b465ee728b)  -> (artifact id: '3a07381b0b8b7363fa70225da395c5fd') in 0.012030 seconds 
========================================================================
Received Import Request.
  Time since last request: 0.000042 seconds.
  path: Packages/com.unity.collab-proxy/Editor/PlasticSCM/Assets/Images/d_iconplasticnotifyincoming.png
  artifactKey: Guid(f31d2c855644aad4cb2030bce12859f6) Importer(815301076,1909f56bfc062723c751e8b465ee728b)
Start importing Packages/com.unity.collab-proxy/Editor/PlasticSCM/Assets/Images/d_iconplasticnotifyincoming.png using Guid(f31d2c855644aad4cb2030bce12859f6) Importer(815301076,1909f56bfc062723c751e8b465ee728b)  -> (artifact id: '969ecc64debc2015c8a45ad091c4b841') in 0.011923 seconds 
========================================================================
Received Import Request.
  Time since last request: 0.000018 seconds.
  path: Assets/Word Data/Images/2020-04/art_card_plane.jpg
  artifactKey: Guid(a3cdf3cb7a46207438b5c656799b7bc0) Importer(815301076,1909f56bfc062723c751e8b465ee728b)
Start importing Assets/Word Data/Images/2020-04/art_card_plane.jpg using Guid(a3cdf3cb7a46207438b5c656799b7bc0) Importer(815301076,1909f56bfc062723c751e8b465ee728b)  -> (artifact id: '01811206bb2889c66f4083fdc06bfb06') in 0.027426 seconds 
========================================================================
Received Import Request.
  Time since last request: 0.000018 seconds.
  path: Assets/Word Data/Images/2020-04/art_card_juice.jpg
  artifactKey: Guid(6b484888ce74bc94b980e145a6c26b8c) Importer(815301076,1909f56bfc062723c751e8b465ee728b)
Start importing Assets/Word Data/Images/2020-04/art_card_juice.jpg using Guid(6b484888ce74bc94b980e145a6c26b8c) Importer(815301076,1909f56bfc062723c751e8b465ee728b)  -> (artifact id: '8fe0183c5e15bac76bf37a27d6b7bb25') in 0.026483 seconds 
========================================================================
Received Import Request.
  Time since last request: 0.000044 seconds.
  path: Assets/Word Data/Images/2020-04/art_card_chair.jpg
  artifactKey: Guid(15a9e439d7dd2024fb9f65ebcd9fa205) Importer(815301076,1909f56bfc062723c751e8b465ee728b)
Start importing Assets/Word Data/Images/2020-04/art_card_chair.jpg using Guid(15a9e439d7dd2024fb9f65ebcd9fa205) Importer(815301076,1909f56bfc062723c751e8b465ee728b)  -> (artifact id: 'dc328a5e99a75f29b53a0c97d5f43e2f') in 0.020904 seconds 
========================================================================
Received Import Request.
  Time since last request: 0.000017 seconds.
  path: Packages/com.unity.collab-proxy/Editor/PlasticSCM/Assets/Images/d_cloudbuhoshechristmas.png
  artifactKey: Guid(9c0d6ec706e01ce448aea81584af092b) Importer(815301076,1909f56bfc062723c751e8b465ee728b)
Start importing Packages/com.unity.collab-proxy/Editor/PlasticSCM/Assets/Images/d_cloudbuhoshechristmas.png using Guid(9c0d6ec706e01ce448aea81584af092b) Importer(815301076,1909f56bfc062723c751e8b465ee728b)  -> (artifact id: '776b07e7191c478a558ef5a77d274064') in 0.014648 seconds 
========================================================================
Received Import Request.
  Time since last request: 0.000031 seconds.
  path: Packages/com.unity.collab-proxy/Editor/PlasticSCM/Assets/Images/d_refresh@2x.png
  artifactKey: Guid(602b72d4617c3694aa94419fc1b68e04) Importer(815301076,1909f56bfc062723c751e8b465ee728b)
Start importing Packages/com.unity.collab-proxy/Editor/PlasticSCM/Assets/Images/d_refresh@2x.png using Guid(602b72d4617c3694aa94419fc1b68e04) Importer(815301076,1909f56bfc062723c751e8b465ee728b)  -> (artifact id: '48fa7dda491330f0e86787d661b73fa8') in 0.017185 seconds 
========================================================================
Received Import Request.
  Time since last request: 0.000019 seconds.
  path: Assets/Word Data/Images/2019/field.jpg
  artifactKey: Guid(08050bc7cf4581d48a8de0122bc8a594) Importer(815301076,1909f56bfc062723c751e8b465ee728b)
Start importing Assets/Word Data/Images/2019/field.jpg using Guid(08050bc7cf4581d48a8de0122bc8a594) Importer(815301076,1909f56bfc062723c751e8b465ee728b)  -> (artifact id: '4d4c07947db77a01dda29615d10bbbed') in 0.037535 seconds 
========================================================================
Received Import Request.
  Time since last request: 0.000022 seconds.
  path: Packages/com.unity.collab-proxy/Editor/PlasticSCM/Assets/Images/d_step3.png
  artifactKey: Guid(46930b20180b59e46b73494adf53abbb) Importer(815301076,1909f56bfc062723c751e8b465ee728b)
Start importing Packages/com.unity.collab-proxy/Editor/PlasticSCM/Assets/Images/d_step3.png using Guid(46930b20180b59e46b73494adf53abbb) Importer(815301076,1909f56bfc062723c751e8b465ee728b)  -> (artifact id: '144c19a99c3185d4c144dfa35be73e13') in 0.011340 seconds 
========================================================================
Received Import Request.
  Time since last request: 0.000044 seconds.
  path: Packages/com.unity.collab-proxy/Editor/PlasticSCM/Assets/Images/d_iconconflictedoverlay.png
  artifactKey: Guid(a892bcc7ae1871447926b3c44d158763) Importer(815301076,1909f56bfc062723c751e8b465ee728b)
Start importing Packages/com.unity.collab-proxy/Editor/PlasticSCM/Assets/Images/d_iconconflictedoverlay.png using Guid(a892bcc7ae1871447926b3c44d158763) Importer(815301076,1909f56bfc062723c751e8b465ee728b)  -> (artifact id: 'fafc3858c3e6254dec0b9b8c16207233') in 0.010933 seconds 
========================================================================
Received Import Request.
  Time since last request: 0.000019 seconds.
  path: Packages/com.unity.collab-proxy/Editor/PlasticSCM/Assets/Images/buttonssosigninemail@2x.png
  artifactKey: Guid(ddf2e76e8a1f88f46ae1e42277850b48) Importer(815301076,1909f56bfc062723c751e8b465ee728b)
Start importing Packages/com.unity.collab-proxy/Editor/PlasticSCM/Assets/Images/buttonssosigninemail@2x.png using Guid(ddf2e76e8a1f88f46ae1e42277850b48) Importer(815301076,1909f56bfc062723c751e8b465ee728b)  -> (artifact id: '1f106fb2990ae5b905c1a70782244555') in 0.012856 seconds 
========================================================================
Received Import Request.
  Time since last request: 0.000023 seconds.
  path: Assets/Word Data/Images/2020-04/art_card_campfire.jpg
  artifactKey: Guid(19a801cd002d8534da6f68f109a96060) Importer(815301076,1909f56bfc062723c751e8b465ee728b)
Start importing Assets/Word Data/Images/2020-04/art_card_campfire.jpg using Guid(19a801cd002d8534da6f68f109a96060) Importer(815301076,1909f56bfc062723c751e8b465ee728b)  -> (artifact id: '603214f79a5d148f2973d5f1ea42e807') in 0.025934 seconds 
========================================================================
Received Import Request.
  Time since last request: 0.000019 seconds.
  path: Assets/Word Data/Images/2020-08/art_card_snowboard.jpg
  artifactKey: Guid(3d68fb9b1a935a5499e9135830597aee) Importer(815301076,1909f56bfc062723c751e8b465ee728b)
Start importing Assets/Word Data/Images/2020-08/art_card_snowboard.jpg using Guid(3d68fb9b1a935a5499e9135830597aee) Importer(815301076,1909f56bfc062723c751e8b465ee728b)  -> (artifact id: '11fd9d717c4eb0d192bf20ff89aadbaf') in 0.049206 seconds 
========================================================================
Received Import Request.
  Time since last request: 0.000027 seconds.
  path: Assets/Word Data/Images/2020-04/art_card_corn.jpg
  artifactKey: Guid(403fcf12486bb5a43b52f87d7697588d) Importer(815301076,1909f56bfc062723c751e8b465ee728b)
Start importing Assets/Word Data/Images/2020-04/art_card_corn.jpg using Guid(403fcf12486bb5a43b52f87d7697588d) Importer(815301076,1909f56bfc062723c751e8b465ee728b)  -> (artifact id: 'f09d4d0aa412ebe82a161e3db0352c74') in 0.028063 seconds 
========================================================================
Received Import Request.
  Time since last request: 0.000021 seconds.
  path: Assets/Word Data/Images/2020-08/art_card_lazy.jpg
  artifactKey: Guid(cd297df2cb058344ab364692348bca74) Importer(815301076,1909f56bfc062723c751e8b465ee728b)
Start importing Assets/Word Data/Images/2020-08/art_card_lazy.jpg using Guid(cd297df2cb058344ab364692348bca74) Importer(815301076,1909f56bfc062723c751e8b465ee728b)  -> (artifact id: '2026256ffb38949c02a2d2d543fa6716') in 0.028354 seconds 
========================================================================
Received Import Request.
  Time since last request: 0.000017 seconds.
  path: Packages/com.unity.collab-proxy/Editor/PlasticSCM/Assets/Images/d_stepok.png
  artifactKey: Guid(be423a54b981d38428de82ad12534629) Importer(815301076,1909f56bfc062723c751e8b465ee728b)
Start importing Packages/com.unity.collab-proxy/Editor/PlasticSCM/Assets/Images/d_stepok.png using Guid(be423a54b981d38428de82ad12534629) Importer(815301076,1909f56bfc062723c751e8b465ee728b)  -> (artifact id: 'd7cdf4a1cbae4c489c597c3b2d85952e') in 0.011966 seconds 
========================================================================
Received Import Request.
  Time since last request: 0.000017 seconds.
  path: Assets/Word Data/Images/2019/fit.jpg
  artifactKey: Guid(7f6500a435a8e7948b75d7f07671ef98) Importer(815301076,1909f56bfc062723c751e8b465ee728b)
Start importing Assets/Word Data/Images/2019/fit.jpg using Guid(7f6500a435a8e7948b75d7f07671ef98) Importer(815301076,1909f56bfc062723c751e8b465ee728b)  -> (artifact id: '08f5e779de9797f2cfd590f253c65d80') in 0.029133 seconds 
========================================================================
Received Import Request.
  Time since last request: 0.000017 seconds.
  path: Assets/Word Data/Images/2020-08/art_card_cloudy.jpg
  artifactKey: Guid(1a8ddd012aba081449e9adf59eddaf67) Importer(815301076,1909f56bfc062723c751e8b465ee728b)
Start importing Assets/Word Data/Images/2020-08/art_card_cloudy.jpg using Guid(1a8ddd012aba081449e9adf59eddaf67) Importer(815301076,1909f56bfc062723c751e8b465ee728b)  -> (artifact id: 'd4daff19097697b1ed8c328ad03afafb') in 0.025812 seconds 
========================================================================
Received Import Request.
  Time since last request: 0.000030 seconds.
  path: Packages/com.unity.collab-proxy/Editor/PlasticSCM/Assets/Images/d_iconoutofsync@2x.png
  artifactKey: Guid(f82dfc5fc3c5a8f4080a3550427019c8) Importer(815301076,1909f56bfc062723c751e8b465ee728b)
Start importing Packages/com.unity.collab-proxy/Editor/PlasticSCM/Assets/Images/d_iconoutofsync@2x.png using Guid(f82dfc5fc3c5a8f4080a3550427019c8) Importer(815301076,1909f56bfc062723c751e8b465ee728b)  -> (artifact id: '18226fa608f6c12e53ecbc3c6b2b59cb') in 0.011010 seconds 
========================================================================
Received Import Request.
  Time since last request: 0.000016 seconds.
  path: Assets/Word Data/Images/2020-04/art_card_belly.jpg
  artifactKey: Guid(dcfb00ef29bba9a4cb57b219614a2e29) Importer(815301076,1909f56bfc062723c751e8b465ee728b)
Start importing Assets/Word Data/Images/2020-04/art_card_belly.jpg using Guid(dcfb00ef29bba9a4cb57b219614a2e29) Importer(815301076,1909f56bfc062723c751e8b465ee728b)  -> (artifact id: '2e97770db4ccb10d111c5fc7a3f2d9d3') in 0.026274 seconds 
========================================================================
Received Import Request.
  Time since last request: 0.000017 seconds.
  path: Packages/com.unity.collab-proxy/Editor/PlasticSCM/Assets/Images/d_iconemptygravatar.png
  artifactKey: Guid(9aebd705574f9e642aef1e5f59b3e4d8) Importer(815301076,1909f56bfc062723c751e8b465ee728b)
Start importing Packages/com.unity.collab-proxy/Editor/PlasticSCM/Assets/Images/d_iconemptygravatar.png using Guid(9aebd705574f9e642aef1e5f59b3e4d8) Importer(815301076,1909f56bfc062723c751e8b465ee728b)  -> (artifact id: '5d70c2343b3f20f4c0485d380371b6d0') in 0.014691 seconds 
========================================================================
Received Import Request.
  Time since last request: 0.000031 seconds.
  path: Assets/Word Data/Images/2020-08/art_card_bother.jpg
  artifactKey: Guid(a5fc15b4875bf2d41938f48787bab0ff) Importer(815301076,1909f56bfc062723c751e8b465ee728b)
Start importing Assets/Word Data/Images/2020-08/art_card_bother.jpg using Guid(a5fc15b4875bf2d41938f48787bab0ff) Importer(815301076,1909f56bfc062723c751e8b465ee728b)  -> (artifact id: 'f395686c23d6dc50629847e7d25d0654') in 0.025932 seconds 
========================================================================
Received Import Request.
  Time since last request: 0.000016 seconds.
  path: Assets/Word Data/Images/2020-08/art_card_think.jpg
  artifactKey: Guid(71aae0cb5548dfa47b4929c1b89b32bd) Importer(815301076,1909f56bfc062723c751e8b465ee728b)
Start importing Assets/Word Data/Images/2020-08/art_card_think.jpg using Guid(71aae0cb5548dfa47b4929c1b89b32bd) Importer(815301076,1909f56bfc062723c751e8b465ee728b)  -> (artifact id: '59a3d26e3c87d3a320116fde1e6ea85b') in 0.028885 seconds 
========================================================================
Received Import Request.
  Time since last request: 0.000025 seconds.
  path: Assets/Word Data/Images/2020-04/art_card_grandma.jpg
  artifactKey: Guid(ce15bf3f96ae92849b70011a8f9b137a) Importer(815301076,1909f56bfc062723c751e8b465ee728b)
Start importing Assets/Word Data/Images/2020-04/art_card_grandma.jpg using Guid(ce15bf3f96ae92849b70011a8f9b137a) Importer(815301076,1909f56bfc062723c751e8b465ee728b)  -> (artifact id: 'c84b52504b7f980611c8a1cc010c2cba') in 0.028835 seconds 
========================================================================
Received Import Request.
  Time since last request: 0.000019 seconds.
  path: Assets/Word Data/Images/2020-08/art_card_raining.jpg
  artifactKey: Guid(1867e10f7bdf3b344b6f64cd8f7d02e4) Importer(815301076,1909f56bfc062723c751e8b465ee728b)
Start importing Assets/Word Data/Images/2020-08/art_card_raining.jpg using Guid(1867e10f7bdf3b344b6f64cd8f7d02e4) Importer(815301076,1909f56bfc062723c751e8b465ee728b)  -> (artifact id: '5184e626754c7d50904eeab0178d4211') in 0.031119 seconds 
========================================================================
Received Import Request.
  Time since last request: 0.000023 seconds.
  path: Assets/Word Data/Images/2020-08/art_card_love.jpg
  artifactKey: Guid(79c9d08eef633284d8fb621365da925f) Importer(815301076,1909f56bfc062723c751e8b465ee728b)
Start importing Assets/Word Data/Images/2020-08/art_card_love.jpg using Guid(79c9d08eef633284d8fb621365da925f) Importer(815301076,1909f56bfc062723c751e8b465ee728b)  -> (artifact id: '9c3d00104b5d6adfcfd8ca7ab2515efd') in 0.026783 seconds 
========================================================================
Received Import Request.
  Time since last request: 0.000026 seconds.
  path: Assets/Word Data/Images/2020-04/art_card_toe.jpg
  artifactKey: Guid(94f53e412a86f7143858135523bbbe1e) Importer(815301076,1909f56bfc062723c751e8b465ee728b)
Start importing Assets/Word Data/Images/2020-04/art_card_toe.jpg using Guid(94f53e412a86f7143858135523bbbe1e) Importer(815301076,1909f56bfc062723c751e8b465ee728b)  -> (artifact id: 'a7c5505805065bc4cf637d437edcbf26') in 0.021558 seconds 
========================================================================
Received Import Request.
  Time since last request: 0.000028 seconds.
  path: Assets/Word Data/Images/2020-08/art_card_funk_music.jpg
  artifactKey: Guid(24c6c45d0ea399743ac6bc2ec64f36d7) Importer(815301076,1909f56bfc062723c751e8b465ee728b)
Start importing Assets/Word Data/Images/2020-08/art_card_funk_music.jpg using Guid(24c6c45d0ea399743ac6bc2ec64f36d7) Importer(815301076,1909f56bfc062723c751e8b465ee728b)  -> (artifact id: '2375d3abce2e86fafc1cd3b32bcc4cea') in 0.029611 seconds 
========================================================================
Received Import Request.
  Time since last request: 0.000041 seconds.
  path: Assets/Word Data/Images/2020-04/art_card_armchair.jpg
  artifactKey: Guid(0796fddae20a606488a6c6d6b026ee7f) Importer(815301076,1909f56bfc062723c751e8b465ee728b)
Start importing Assets/Word Data/Images/2020-04/art_card_armchair.jpg using Guid(0796fddae20a606488a6c6d6b026ee7f) Importer(815301076,1909f56bfc062723c751e8b465ee728b)  -> (artifact id: 'a16f7f07b7492dc8e16e3a434b4873d7') in 0.021412 seconds 
========================================================================
Received Import Request.
  Time since last request: 0.000030 seconds.
  path: Assets/Word Data/Images/2020-08/art_card_proud.jpg
  artifactKey: Guid(f2c088b1c4804f74b97108a6cf1c7474) Importer(815301076,1909f56bfc062723c751e8b465ee728b)
Start importing Assets/Word Data/Images/2020-08/art_card_proud.jpg using Guid(f2c088b1c4804f74b97108a6cf1c7474) Importer(815301076,1909f56bfc062723c751e8b465ee728b)  -> (artifact id: '70c2de84d5c78dc4f95dd981ab04f305') in 0.028289 seconds 
========================================================================
Received Import Request.
  Time since last request: 0.000020 seconds.
  path: Assets/Word Data/Images/2020-08/art_card_writing.jpg
  artifactKey: Guid(5ada093da1390aa43aff1dbea70017e3) Importer(815301076,1909f56bfc062723c751e8b465ee728b)
Start importing Assets/Word Data/Images/2020-08/art_card_writing.jpg using Guid(5ada093da1390aa43aff1dbea70017e3) Importer(815301076,1909f56bfc062723c751e8b465ee728b)  -> (artifact id: 'a52741ac38c2548e9c64daa8925725d3') in 0.026918 seconds 
========================================================================
Received Import Request.
  Time since last request: 0.000030 seconds.
  path: Assets/Word Data/Images/2020-04/art_card_humanbody.jpg
  artifactKey: Guid(8a9a3a3d3556e104f8629b502d5e0125) Importer(815301076,1909f56bfc062723c751e8b465ee728b)
Start importing Assets/Word Data/Images/2020-04/art_card_humanbody.jpg using Guid(8a9a3a3d3556e104f8629b502d5e0125) Importer(815301076,1909f56bfc062723c751e8b465ee728b)  -> (artifact id: '1689b0b80a5cfb91abc0edb8ffe926a7') in 0.026048 seconds 
========================================================================
Received Import Request.
  Time since last request: 0.000021 seconds.
  path: Assets/Word Data/Images/2020-04/art_card_uncle.jpg
  artifactKey: Guid(36468448d641bcb42a0a6c8bb48d8261) Importer(815301076,1909f56bfc062723c751e8b465ee728b)
Start importing Assets/Word Data/Images/2020-04/art_card_uncle.jpg using Guid(36468448d641bcb42a0a6c8bb48d8261) Importer(815301076,1909f56bfc062723c751e8b465ee728b)  -> (artifact id: 'b7532d01b444e1521c24908fd7a082a7') in 0.028669 seconds 
========================================================================
Received Import Request.
  Time since last request: 0.000018 seconds.
  path: Assets/Word Data/Images/2020-08/art_card_short.jpg
  artifactKey: Guid(010347e337d1a56439c12388e2ecad78) Importer(815301076,1909f56bfc062723c751e8b465ee728b)
Start importing Assets/Word Data/Images/2020-08/art_card_short.jpg using Guid(010347e337d1a56439c12388e2ecad78) Importer(815301076,1909f56bfc062723c751e8b465ee728b)  -> (artifact id: '1fc72df7d668dadbd0bbede34d530fa5') in 0.024499 seconds 
========================================================================
Received Import Request.
  Time since last request: 0.000030 seconds.
  path: Assets/Word Data/Images/2020-04/art_card_volcano.jpg
  artifactKey: Guid(558642a6c6e362541ac4ab6db7a2c9e5) Importer(815301076,1909f56bfc062723c751e8b465ee728b)
Start importing Assets/Word Data/Images/2020-04/art_card_volcano.jpg using Guid(558642a6c6e362541ac4ab6db7a2c9e5) Importer(815301076,1909f56bfc062723c751e8b465ee728b)  -> (artifact id: '5df05bbccf543cc8eec63a631b40153e') in 0.030280 seconds 
========================================================================
Received Import Request.
  Time since last request: 0.000027 seconds.
  path: Assets/Word Data/Images/2020-04/art_card_skateboard.jpg
  artifactKey: Guid(1a9de3892f8bf5c4490f4b4271b81979) Importer(815301076,1909f56bfc062723c751e8b465ee728b)
Start importing Assets/Word Data/Images/2020-04/art_card_skateboard.jpg using Guid(1a9de3892f8bf5c4490f4b4271b81979) Importer(815301076,1909f56bfc062723c751e8b465ee728b)  -> (artifact id: 'cd16400eb5c06a896af243260cd49828') in 0.024615 seconds 
========================================================================
Received Import Request.
  Time since last request: 0.000018 seconds.
  path: Packages/com.unity.collab-proxy/Editor/PlasticSCM/Assets/Images/d_iconaddedoverlay@2x.png
  artifactKey: Guid(a6fbd5a181bc51e42a61a73fe8d727c8) Importer(815301076,1909f56bfc062723c751e8b465ee728b)
Start importing Packages/com.unity.collab-proxy/Editor/PlasticSCM/Assets/Images/d_iconaddedoverlay@2x.png using Guid(a6fbd5a181bc51e42a61a73fe8d727c8) Importer(815301076,1909f56bfc062723c751e8b465ee728b)  -> (artifact id: '7d006d4410a7febceac572cadcb99cad') in 0.010223 seconds 
========================================================================
Received Import Request.
  Time since last request: 0.000019 seconds.
  path: Packages/com.unity.collab-proxy/Editor/PlasticSCM/Assets/Images/d_iconplasticnotifyconflict.png
  artifactKey: Guid(51582ae5ea51fa14996791a550f89473) Importer(815301076,1909f56bfc062723c751e8b465ee728b)
Start importing Packages/com.unity.collab-proxy/Editor/PlasticSCM/Assets/Images/d_iconplasticnotifyconflict.png using Guid(51582ae5ea51fa14996791a550f89473) Importer(815301076,1909f56bfc062723c751e8b465ee728b)  -> (artifact id: '7b5c729c1283a35477088f125bed98fd') in 0.013622 seconds 
========================================================================
Received Import Request.
  Time since last request: 0.000019 seconds.
  path: Assets/Word Data/Images/2019/best.jpg
  artifactKey: Guid(08df14b028f8d53439588f1d4c57e690) Importer(815301076,1909f56bfc062723c751e8b465ee728b)
Start importing Assets/Word Data/Images/2019/best.jpg using Guid(08df14b028f8d53439588f1d4c57e690) Importer(815301076,1909f56bfc062723c751e8b465ee728b)  -> (artifact id: 'ec6ff926cc8a90bf17804a1e0c73f1b3') in 0.022888 seconds 
========================================================================
Received Import Request.
  Time since last request: 0.000025 seconds.
  path: Assets/Word Data/Images/2020-08/art_card_suit.jpg
  artifactKey: Guid(947c6d882b600d0418b9ca683c32aaaa) Importer(815301076,1909f56bfc062723c751e8b465ee728b)
Start importing Assets/Word Data/Images/2020-08/art_card_suit.jpg using Guid(947c6d882b600d0418b9ca683c32aaaa) Importer(815301076,1909f56bfc062723c751e8b465ee728b)  -> (artifact id: '0bff528c002b7022f53251a78fc171b2') in 0.026992 seconds 
========================================================================
Received Import Request.
  Time since last request: 0.000023 seconds.
  path: Packages/com.unity.collab-proxy/Editor/PlasticSCM/Assets/Images/d_colorbuhochristmas.png
  artifactKey: Guid(fd098fb4cf57bad419701c802e442b7e) Importer(815301076,1909f56bfc062723c751e8b465ee728b)
Start importing Packages/com.unity.collab-proxy/Editor/PlasticSCM/Assets/Images/d_colorbuhochristmas.png using Guid(fd098fb4cf57bad419701c802e442b7e) Importer(815301076,1909f56bfc062723c751e8b465ee728b)  -> (artifact id: 'abd175eb7ff67e1f975619fb48de6db7') in 0.015776 seconds 
========================================================================
Received Import Request.
  Time since last request: 0.000023 seconds.
  path: Packages/com.unity.collab-proxy/Editor/PlasticSCM/Assets/Images/d_iconconflictresolvedoverlay@2x.png
  artifactKey: Guid(4a231ba0e81e63849a8f985c228e8acd) Importer(815301076,1909f56bfc062723c751e8b465ee728b)
Start importing Packages/com.unity.collab-proxy/Editor/PlasticSCM/Assets/Images/d_iconconflictresolvedoverlay@2x.png using Guid(4a231ba0e81e63849a8f985c228e8acd) Importer(815301076,1909f56bfc062723c751e8b465ee728b)  -> (artifact id: 'edf27530027a897eb927a178831734ba') in 0.012706 seconds 
========================================================================
Received Import Request.
  Time since last request: 0.000058 seconds.
  path: Packages/com.unity.collab-proxy/Editor/PlasticSCM/Assets/Images/d_genericbuho2.png
  artifactKey: Guid(0f061b4bd0275bc4eb60f2af31e7375a) Importer(815301076,1909f56bfc062723c751e8b465ee728b)
Start importing Packages/com.unity.collab-proxy/Editor/PlasticSCM/Assets/Images/d_genericbuho2.png using Guid(0f061b4bd0275bc4eb60f2af31e7375a) Importer(815301076,1909f56bfc062723c751e8b465ee728b)  -> (artifact id: '19592acfe2d5d1bb0e705a387a0679de') in 0.015932 seconds 
========================================================================
Received Import Request.
  Time since last request: 0.000024 seconds.
  path: Packages/com.unity.collab-proxy/Editor/PlasticSCM/Assets/Images/d_iconundo@2x.png
  artifactKey: Guid(6d6088174bb906b49ad8428526ee337b) Importer(815301076,1909f56bfc062723c751e8b465ee728b)
Start importing Packages/com.unity.collab-proxy/Editor/PlasticSCM/Assets/Images/d_iconundo@2x.png using Guid(6d6088174bb906b49ad8428526ee337b) Importer(815301076,1909f56bfc062723c751e8b465ee728b)  -> (artifact id: '15cb7076af2c4e34d71ccfa3c2a26a7a') in 0.011107 seconds 
========================================================================
Received Import Request.
  Time since last request: 0.000020 seconds.
  path: Packages/com.unity.collab-proxy/Editor/PlasticSCM/Assets/Images/d_step1.png
  artifactKey: Guid(38236a82ff44aaa4b972248479d5f970) Importer(815301076,1909f56bfc062723c751e8b465ee728b)
Start importing Packages/com.unity.collab-proxy/Editor/PlasticSCM/Assets/Images/d_step1.png using Guid(38236a82ff44aaa4b972248479d5f970) Importer(815301076,1909f56bfc062723c751e8b465ee728b)  -> (artifact id: '84c34ddb1ec342f05b0131fff2a154da') in 0.010437 seconds 
========================================================================
Received Import Request.
  Time since last request: 0.000030 seconds.
  path: Packages/com.unity.collab-proxy/Editor/PlasticSCM/Assets/Images/d_genericbuho1.png
  artifactKey: Guid(43ad51e043491b94d8f6c62d55ac5ede) Importer(815301076,1909f56bfc062723c751e8b465ee728b)
Start importing Packages/com.unity.collab-proxy/Editor/PlasticSCM/Assets/Images/d_genericbuho1.png using Guid(43ad51e043491b94d8f6c62d55ac5ede) Importer(815301076,1909f56bfc062723c751e8b465ee728b)  -> (artifact id: '5a769f96aa163e7ee4b00037442cadc6') in 0.015924 seconds 
========================================================================
Received Import Request.
  Time since last request: 0.000026 seconds.
  path: Assets/Word Data/Images/2020-04/art_card_aunt.jpg
  artifactKey: Guid(d137ecc83da0b85449e9ea8f74aeaba0) Importer(815301076,1909f56bfc062723c751e8b465ee728b)
Start importing Assets/Word Data/Images/2020-04/art_card_aunt.jpg using Guid(d137ecc83da0b85449e9ea8f74aeaba0) Importer(815301076,1909f56bfc062723c751e8b465ee728b)  -> (artifact id: 'fab78299500cbb732d05a9dfc45a3bb5') in 0.027036 seconds 
========================================================================
Received Import Request.
  Time since last request: 0.000019 seconds.
  path: Packages/com.unity.collab-proxy/Editor/PlasticSCM/Assets/Images/d_icondeletedremote@2x.png
  artifactKey: Guid(626b9cddb29049e4cac50cd87b419945) Importer(815301076,1909f56bfc062723c751e8b465ee728b)
Start importing Packages/com.unity.collab-proxy/Editor/PlasticSCM/Assets/Images/d_icondeletedremote@2x.png using Guid(626b9cddb29049e4cac50cd87b419945) Importer(815301076,1909f56bfc062723c751e8b465ee728b)  -> (artifact id: '2939be3f0190dedbdb43a849722d6422') in 0.010315 seconds 
========================================================================
Received Import Request.
  Time since last request: 0.000016 seconds.
  path: Packages/com.unity.collab-proxy/Editor/PlasticSCM/Assets/Images/d_iconaddedoverlay.png
  artifactKey: Guid(73d124bf77e463c45942d14136745d9f) Importer(815301076,1909f56bfc062723c751e8b465ee728b)
Start importing Packages/com.unity.collab-proxy/Editor/PlasticSCM/Assets/Images/d_iconaddedoverlay.png using Guid(73d124bf77e463c45942d14136745d9f) Importer(815301076,1909f56bfc062723c751e8b465ee728b)  -> (artifact id: 'f0711732e77bb97ab9e12dd072b31d49') in 0.010292 seconds 
========================================================================
Received Import Request.
  Time since last request: 0.000022 seconds.
  path: Packages/com.unity.collab-proxy/Editor/PlasticSCM/Assets/Images/d_iconoutofsyncoverlay.png
  artifactKey: Guid(dc633de6e6e7415448c7568418239a9d) Importer(815301076,1909f56bfc062723c751e8b465ee728b)
Start importing Packages/com.unity.collab-proxy/Editor/PlasticSCM/Assets/Images/d_iconoutofsyncoverlay.png using Guid(dc633de6e6e7415448c7568418239a9d) Importer(815301076,1909f56bfc062723c751e8b465ee728b)  -> (artifact id: 'd6fe4841dac188fe10b3dd1a791798ea') in 0.010946 seconds 
========================================================================
Received Import Request.
  Time since last request: 0.000018 seconds.
  path: Assets/Word Data/Images/2019/coat.jpg
  artifactKey: Guid(d0ae9d3d873d35b4fbc7369ed49c703c) Importer(815301076,1909f56bfc062723c751e8b465ee728b)
Start importing Assets/Word Data/Images/2019/coat.jpg using Guid(d0ae9d3d873d35b4fbc7369ed49c703c) Importer(815301076,1909f56bfc062723c751e8b465ee728b)  -> (artifact id: 'd46a13f965601a5f2c1a8c2ead407ca7') in 0.025658 seconds 
========================================================================
Received Import Request.
  Time since last request: 0.000017 seconds.
  path: Packages/com.unity.collab-proxy/Editor/PlasticSCM/Assets/Images/d_iconlockedlocaloverlay.png
  artifactKey: Guid(71c45f80bffdb9145ad2c456254c862e) Importer(815301076,1909f56bfc062723c751e8b465ee728b)
Start importing Packages/com.unity.collab-proxy/Editor/PlasticSCM/Assets/Images/d_iconlockedlocaloverlay.png using Guid(71c45f80bffdb9145ad2c456254c862e) Importer(815301076,1909f56bfc062723c751e8b465ee728b)  -> (artifact id: '1391bb5cf3f3d1281172d944dcefa3e5') in 0.010638 seconds 
========================================================================
Received Import Request.
  Time since last request: 0.000021 seconds.
  path: Packages/com.unity.collab-proxy/Editor/PlasticSCM/Assets/Images/d_buttonssosigninemail@2x.png
  artifactKey: Guid(144aa74618b85974a9a50f612c2fa8fd) Importer(815301076,1909f56bfc062723c751e8b465ee728b)
Start importing Packages/com.unity.collab-proxy/Editor/PlasticSCM/Assets/Images/d_buttonssosigninemail@2x.png using Guid(144aa74618b85974a9a50f612c2fa8fd) Importer(815301076,1909f56bfc062723c751e8b465ee728b)  -> (artifact id: 'a30937664857cfffad4da12ebff181bb') in 0.012520 seconds 
========================================================================
Received Import Request.
  Time since last request: 0.000020 seconds.
  path: Packages/com.unity.collab-proxy/Editor/PlasticSCM/Assets/Images/d_icondeletedlocaloverlay@2x.png
  artifactKey: Guid(92b204cca46037444ab18ba6701f86f7) Importer(815301076,1909f56bfc062723c751e8b465ee728b)
Start importing Packages/com.unity.collab-proxy/Editor/PlasticSCM/Assets/Images/d_icondeletedlocaloverlay@2x.png using Guid(92b204cca46037444ab18ba6701f86f7) Importer(815301076,1909f56bfc062723c751e8b465ee728b)  -> (artifact id: 'b7efef3661b16f0d536d280a88a4e9a4') in 0.010919 seconds 
========================================================================
Received Import Request.
  Time since last request: 0.000021 seconds.
  path: Assets/Word Data/Images/2020-04/art_card_bike.jpg
  artifactKey: Guid(26de65921df22f64283897cf73426525) Importer(815301076,1909f56bfc062723c751e8b465ee728b)
Start importing Assets/Word Data/Images/2020-04/art_card_bike.jpg using Guid(26de65921df22f64283897cf73426525) Importer(815301076,1909f56bfc062723c751e8b465ee728b)  -> (artifact id: '0fb537964c0d0108d066324d273df657') in 0.026124 seconds 
========================================================================
Received Import Request.
  Time since last request: 0.000024 seconds.
  path: Assets/Word Data/Images/2020-08/art_card_cold.jpg
  artifactKey: Guid(5b6ae634968e39849a8f361dc0e5504e) Importer(815301076,1909f56bfc062723c751e8b465ee728b)
Start importing Assets/Word Data/Images/2020-08/art_card_cold.jpg using Guid(5b6ae634968e39849a8f361dc0e5504e) Importer(815301076,1909f56bfc062723c751e8b465ee728b)  -> (artifact id: '2d18390f43014f807cd5e474ac7a6d12') in 0.028928 seconds 
========================================================================
Received Import Request.
  Time since last request: 0.000028 seconds.
  path: Assets/Word Data/Images/2019/breathe.jpg
  artifactKey: Guid(b3c436237e5c3b1419d6267f43a3a17c) Importer(815301076,1909f56bfc062723c751e8b465ee728b)
Start importing Assets/Word Data/Images/2019/breathe.jpg using Guid(b3c436237e5c3b1419d6267f43a3a17c) Importer(815301076,1909f56bfc062723c751e8b465ee728b)  -> (artifact id: '7877b90b7f13e5ef5cedcb16979b30df') in 0.024205 seconds 
========================================================================
Received Import Request.
  Time since last request: 0.000221 seconds.
  path: Packages/com.unity.collab-proxy/Editor/PlasticSCM/Assets/Images/d_iconlockedremoteoverlay.png
  artifactKey: Guid(1046ed65e6aaffb4391378f6d08d6c14) Importer(815301076,1909f56bfc062723c751e8b465ee728b)
Start importing Packages/com.unity.collab-proxy/Editor/PlasticSCM/Assets/Images/d_iconlockedremoteoverlay.png using Guid(1046ed65e6aaffb4391378f6d08d6c14) Importer(815301076,1909f56bfc062723c751e8b465ee728b)  -> (artifact id: '0783297f639fab5d2fe0cdc8d509b26a') in 0.009434 seconds 
========================================================================
Received Import Request.
  Time since last request: 0.000018 seconds.
  path: Assets/Word Data/Images/2020-04/art_card_food.jpg
  artifactKey: Guid(a10f0c7f2f24cb34eaf6181a691d5a58) Importer(815301076,1909f56bfc062723c751e8b465ee728b)
Start importing Assets/Word Data/Images/2020-04/art_card_food.jpg using Guid(a10f0c7f2f24cb34eaf6181a691d5a58) Importer(815301076,1909f56bfc062723c751e8b465ee728b)  -> (artifact id: '50b8432829fbf671957cf095851643c5') in 0.027536 seconds 
========================================================================
Received Import Request.
  Time since last request: 0.000019 seconds.
  path: Packages/com.unity.collab-proxy/Editor/PlasticSCM/Assets/Images/d_iconlockedremoteoverlay@2x.png
  artifactKey: Guid(2bb4e96f5d0b02c468932d665a015c54) Importer(815301076,1909f56bfc062723c751e8b465ee728b)
Start importing Packages/com.unity.collab-proxy/Editor/PlasticSCM/Assets/Images/d_iconlockedremoteoverlay@2x.png using Guid(2bb4e96f5d0b02c468932d665a015c54) Importer(815301076,1909f56bfc062723c751e8b465ee728b)  -> (artifact id: '4627fac92966e38acfc5918119aeb181') in 0.010631 seconds 
========================================================================
Received Import Request.
  Time since last request: 0.000019 seconds.
  path: Assets/Word Data/Images/2019/lion.jpg
  artifactKey: Guid(1ae51dfa2dfef1a489106e23f2aaf2e9) Importer(815301076,1909f56bfc062723c751e8b465ee728b)
Start importing Assets/Word Data/Images/2019/lion.jpg using Guid(1ae51dfa2dfef1a489106e23f2aaf2e9) Importer(815301076,1909f56bfc062723c751e8b465ee728b)  -> (artifact id: '5dce7e6aa7770684c85e99b0e025567e') in 0.023901 seconds 
========================================================================
Received Import Request.
  Time since last request: 0.000020 seconds.
  path: Assets/Word Data/Images/2020-08/art_card_snowing.jpg
  artifactKey: Guid(8f3a85ca07820a64282d1a4fb01e38b7) Importer(815301076,1909f56bfc062723c751e8b465ee728b)
Start importing Assets/Word Data/Images/2020-08/art_card_snowing.jpg using Guid(8f3a85ca07820a64282d1a4fb01e38b7) Importer(815301076,1909f56bfc062723c751e8b465ee728b)  -> (artifact id: 'b2a4f19fd6643b64028b01fc3cc73dd8') in 0.028526 seconds 
========================================================================
Received Import Request.
  Time since last request: 0.000022 seconds.
  path: Assets/Word Data/Images/2020-04/art_card_glacier.jpg
  artifactKey: Guid(e921432f53951ef4fa478a0452d2bae3) Importer(815301076,1909f56bfc062723c751e8b465ee728b)
Start importing Assets/Word Data/Images/2020-04/art_card_glacier.jpg using Guid(e921432f53951ef4fa478a0452d2bae3) Importer(815301076,1909f56bfc062723c751e8b465ee728b)  -> (artifact id: '35fe1c694a72a8dcf6cb92508fd88cd7') in 0.036789 seconds 
========================================================================
Received Prepare
Registering precompiled user dll's ...
Registered in 0.004162 seconds.
Begin MonoManager ReloadAssembly
Native extension for UWP target not found
Native extension for WindowsStandalone target not found
Native extension for iOS target not found
Native extension for Android target not found
Refreshing native plugins compatible for Editor in 0.95 ms, found 2 plugins.
Preloading 0 native plugins for Editor in 0.00 ms.
Mono: successfully reloaded assembly
- Completed reload, in  0.915 seconds
Domain Reload Profiling:
	ReloadAssembly (915ms)
		BeginReloadAssembly (137ms)
			ExecutionOrderSort (0ms)
			DisableScriptedObjects (7ms)
			BackupInstance (0ms)
			ReleaseScriptingObjects (0ms)
			CreateAndSetChildDomain (51ms)
		EndReloadAssembly (704ms)
			LoadAssemblies (72ms)
			RebuildTransferFunctionScriptingTraits (0ms)
			SetupTypeCache (180ms)
			ReleaseScriptCaches (2ms)
			RebuildScriptCaches (41ms)
			SetupLoadedEditorAssemblies (352ms)
				LogAssemblyErrors (0ms)
				InitializePlatformSupportModulesInManaged (25ms)
				SetLoadedEditorAssemblies (0ms)
				RefreshPlugins (1ms)
				BeforeProcessingInitializeOnLoad (66ms)
				ProcessInitializeOnLoadAttributes (160ms)
				ProcessInitializeOnLoadMethodAttributes (94ms)
				AfterProcessingInitializeOnLoad (6ms)
				EditorAssembliesLoaded (0ms)
			ExecutionOrderSort2 (0ms)
			AwakeInstancesAfterBackupRestoration (24ms)
Platform modules already initialized, skipping
Refreshing native plugins compatible for Editor in 3.95 ms, found 2 plugins.
Preloading 0 native plugins for Editor in 0.00 ms.
Unloading 3685 Unused Serialized files (Serialized files now loaded: 0)
Unloading 29 unused Assets / (31.8 KB). Loaded Objects now: 4216.
Memory consumption went from 138.3 MB to 138.3 MB.
Total: 7.614200 ms (FindLiveObjects: 0.382400 ms CreateObjectMapping: 0.097800 ms MarkObjects: 7.091800 ms  DeleteObjects: 0.040700 ms)

AssetImportParameters requested are different than current active one (requested -> active):
  custom:video-decoder-ogg-theora: a1e56fd34408186e4bbccfd4996cb3dc -> 
  custom:container-muxer-webm: aa71ff27fc2769a1b78a27578f13a17b -> 
  custom:container-demuxer-webm: 4f35f7cbe854078d1ac9338744f61a02 -> 
  custom:video-encoder-webm-vp8: eb34c28f22e8b96e1ab97ce403110664 -> 
  custom:audio-encoder-webm-vorbis: bf7c407c2cedff20999df2af8eb42d56 -> 
  custom:framework-win-MediaFoundation: 216162199b28c13a410421893ffa2e32 -> 
  custom:container-demuxer-ogg: 62fdf1f143b41e24485cea50d1cbac27 -> 
  custom:video-decoder-webm-vp8: 9c59270c3fd7afecdb556c50c9e8de78 -> 
  custom:audio-decoder-ogg-vorbis: bf7c407c2cedff20999df2af8eb42d56 -> 
